{"C:\\Users\\standley.eugene\\Documents\\GitHub\\capstoneSweng894\\src\\App.js": {"path":"C:\\Users\\standley.eugene\\Documents\\GitHub\\capstoneSweng894\\src\\App.js","statementMap":{"0":{"start":{"line":17,"column":25},"end":{"line":21,"column":1}},"1":{"start":{"line":17,"column":34},"end":{"line":21,"column":1}},"2":{"start":{"line":17,"column":42},"end":{"line":21,"column":1}},"3":{"start":{"line":18,"column":4},"end":{"line":18,"column":45}},"4":{"start":{"line":20,"column":4},"end":{"line":20,"column":16}},"5":{"start":{"line":23,"column":14},"end":{"line":23,"column":34}},"6":{"start":{"line":24,"column":25},"end":{"line":24,"column":54}},"7":{"start":{"line":30,"column":4},"end":{"line":39,"column":6}},"8":{"start":{"line":43,"column":19},"end":{"line":43,"column":31}},"9":{"start":{"line":45,"column":4},"end":{"line":51,"column":5}}},"fnMap":{"0":{"name":"(anonymous_0)","decl":{"start":{"line":17,"column":25},"end":{"line":17,"column":26}},"loc":{"start":{"line":17,"column":34},"end":{"line":21,"column":1}},"line":17},"1":{"name":"(anonymous_1)","decl":{"start":{"line":17,"column":34},"end":{"line":17,"column":35}},"loc":{"start":{"line":17,"column":42},"end":{"line":21,"column":1}},"line":17},"2":{"name":"(anonymous_2)","decl":{"start":{"line":17,"column":42},"end":{"line":17,"column":43}},"loc":{"start":{"line":17,"column":52},"end":{"line":21,"column":1}},"line":17},"3":{"name":"(anonymous_3)","decl":{"start":{"line":29,"column":2},"end":{"line":29,"column":3}},"loc":{"start":{"line":29,"column":29},"end":{"line":40,"column":3}},"line":29},"4":{"name":"(anonymous_4)","decl":{"start":{"line":42,"column":2},"end":{"line":42,"column":3}},"loc":{"start":{"line":42,"column":10},"end":{"line":52,"column":3}},"line":42}},"branchMap":{},"s":{"0":1,"1":0,"2":0,"3":0,"4":0,"5":1,"6":1,"7":1,"8":1,"9":1},"f":{"0":0,"1":0,"2":0,"3":1,"4":1},"b":{},"_coverageSchema":"43e27e138ebf9cfc5966b082cf9a028302ed4184","hash":"52a66aced035ae3d6a88aa9d8d896c8f03e3920b"}
,"C:\\Users\\standley.eugene\\Documents\\GitHub\\capstoneSweng894\\src\\actions\\auth-action.js": {"path":"C:\\Users\\standley.eugene\\Documents\\GitHub\\capstoneSweng894\\src\\actions\\auth-action.js","statementMap":{"0":{"start":{"line":4,"column":23},"end":{"line":7,"column":2}},"1":{"start":{"line":4,"column":34},"end":{"line":7,"column":1}},"2":{"start":{"line":9,"column":24},"end":{"line":12,"column":2}},"3":{"start":{"line":9,"column":34},"end":{"line":12,"column":1}},"4":{"start":{"line":14,"column":29},"end":{"line":17,"column":2}},"5":{"start":{"line":14,"column":39},"end":{"line":17,"column":1}},"6":{"start":{"line":19,"column":21},"end":{"line":34,"column":1}},"7":{"start":{"line":19,"column":49},"end":{"line":34,"column":1}},"8":{"start":{"line":20,"column":4},"end":{"line":20,"column":25}},"9":{"start":{"line":22,"column":4},"end":{"line":33,"column":10}},"10":{"start":{"line":25,"column":12},"end":{"line":25,"column":30}},"11":{"start":{"line":27,"column":12},"end":{"line":27,"column":44}},"12":{"start":{"line":30,"column":12},"end":{"line":30,"column":31}},"13":{"start":{"line":32,"column":12},"end":{"line":32,"column":60}},"14":{"start":{"line":36,"column":22},"end":{"line":45,"column":1}},"15":{"start":{"line":37,"column":4},"end":{"line":44,"column":10}},"16":{"start":{"line":40,"column":12},"end":{"line":40,"column":40}},"17":{"start":{"line":43,"column":12},"end":{"line":43,"column":42}}},"fnMap":{"0":{"name":"(anonymous_0)","decl":{"start":{"line":4,"column":23},"end":{"line":4,"column":24}},"loc":{"start":{"line":4,"column":34},"end":{"line":7,"column":1}},"line":4},"1":{"name":"(anonymous_1)","decl":{"start":{"line":9,"column":24},"end":{"line":9,"column":25}},"loc":{"start":{"line":9,"column":34},"end":{"line":12,"column":1}},"line":9},"2":{"name":"(anonymous_2)","decl":{"start":{"line":14,"column":29},"end":{"line":14,"column":30}},"loc":{"start":{"line":14,"column":39},"end":{"line":17,"column":1}},"line":14},"3":{"name":"(anonymous_3)","decl":{"start":{"line":19,"column":21},"end":{"line":19,"column":22}},"loc":{"start":{"line":19,"column":49},"end":{"line":34,"column":1}},"line":19},"4":{"name":"(anonymous_4)","decl":{"start":{"line":19,"column":49},"end":{"line":19,"column":50}},"loc":{"start":{"line":19,"column":61},"end":{"line":34,"column":1}},"line":19},"5":{"name":"(anonymous_5)","decl":{"start":{"line":24,"column":14},"end":{"line":24,"column":15}},"loc":{"start":{"line":24,"column":24},"end":{"line":28,"column":9}},"line":24},"6":{"name":"(anonymous_6)","decl":{"start":{"line":29,"column":15},"end":{"line":29,"column":16}},"loc":{"start":{"line":29,"column":26},"end":{"line":33,"column":9}},"line":29},"7":{"name":"(anonymous_7)","decl":{"start":{"line":36,"column":22},"end":{"line":36,"column":23}},"loc":{"start":{"line":36,"column":43},"end":{"line":45,"column":1}},"line":36},"8":{"name":"(anonymous_8)","decl":{"start":{"line":39,"column":14},"end":{"line":39,"column":15}},"loc":{"start":{"line":39,"column":24},"end":{"line":41,"column":9}},"line":39},"9":{"name":"(anonymous_9)","decl":{"start":{"line":42,"column":15},"end":{"line":42,"column":16}},"loc":{"start":{"line":42,"column":26},"end":{"line":44,"column":9}},"line":42}},"branchMap":{},"s":{"0":1,"1":0,"2":1,"3":0,"4":1,"5":0,"6":1,"7":0,"8":0,"9":0,"10":0,"11":0,"12":0,"13":0,"14":1,"15":0,"16":0,"17":0},"f":{"0":0,"1":0,"2":0,"3":0,"4":0,"5":0,"6":0,"7":0,"8":0,"9":0},"b":{},"_coverageSchema":"43e27e138ebf9cfc5966b082cf9a028302ed4184","hash":"8f58443df45d7e5f8104e149fd7cb78b2a52bb2c"}
,"C:\\Users\\standley.eugene\\Documents\\GitHub\\capstoneSweng894\\src\\actions\\index.js": {"path":"C:\\Users\\standley.eugene\\Documents\\GitHub\\capstoneSweng894\\src\\actions\\index.js","statementMap":{},"fnMap":{},"branchMap":{},"s":{},"f":{},"b":{},"_coverageSchema":"43e27e138ebf9cfc5966b082cf9a028302ed4184","hash":"f86c3eb56e5374bc5ccfc00835d396ec57fa2576"}
,"C:\\Users\\standley.eugene\\Documents\\GitHub\\capstoneSweng894\\src\\actions\\preference-action.js": {"path":"C:\\Users\\standley.eugene\\Documents\\GitHub\\capstoneSweng894\\src\\actions\\preference-action.js","statementMap":{"0":{"start":{"line":5,"column":29},"end":{"line":8,"column":2}},"1":{"start":{"line":5,"column":46},"end":{"line":8,"column":1}},"2":{"start":{"line":10,"column":27},"end":{"line":13,"column":2}},"3":{"start":{"line":10,"column":38},"end":{"line":13,"column":1}}},"fnMap":{"0":{"name":"(anonymous_0)","decl":{"start":{"line":5,"column":29},"end":{"line":5,"column":30}},"loc":{"start":{"line":5,"column":46},"end":{"line":8,"column":1}},"line":5},"1":{"name":"(anonymous_1)","decl":{"start":{"line":10,"column":27},"end":{"line":10,"column":28}},"loc":{"start":{"line":10,"column":38},"end":{"line":13,"column":1}},"line":10}},"branchMap":{},"s":{"0":1,"1":0,"2":1,"3":0},"f":{"0":0,"1":0},"b":{},"_coverageSchema":"43e27e138ebf9cfc5966b082cf9a028302ed4184","hash":"d088da476f573f2c5c52ef5a4f2e6750ca169fa7"}
,"C:\\Users\\standley.eugene\\Documents\\GitHub\\capstoneSweng894\\src\\actions\\profile-action.js": {"path":"C:\\Users\\standley.eugene\\Documents\\GitHub\\capstoneSweng894\\src\\actions\\profile-action.js","statementMap":{"0":{"start":{"line":3,"column":26},"end":{"line":6,"column":2}},"1":{"start":{"line":3,"column":40},"end":{"line":6,"column":1}}},"fnMap":{"0":{"name":"(anonymous_0)","decl":{"start":{"line":3,"column":26},"end":{"line":3,"column":27}},"loc":{"start":{"line":3,"column":40},"end":{"line":6,"column":1}},"line":3}},"branchMap":{},"s":{"0":1,"1":0},"f":{"0":0},"b":{},"_coverageSchema":"43e27e138ebf9cfc5966b082cf9a028302ed4184","hash":"7d45c85d8316e011fdbea7e1b15609e7fe1d4218"}
,"C:\\Users\\standley.eugene\\Documents\\GitHub\\capstoneSweng894\\src\\actions\\type.js": {"path":"C:\\Users\\standley.eugene\\Documents\\GitHub\\capstoneSweng894\\src\\actions\\type.js","statementMap":{"0":{"start":{"line":1,"column":16},"end":{"line":10,"column":1}}},"fnMap":{},"branchMap":{},"s":{"0":1},"f":{},"b":{},"_coverageSchema":"43e27e138ebf9cfc5966b082cf9a028302ed4184","hash":"ba1e5f4c86d4ffc4ab96d08e12beb3caf652e70c"}
,"C:\\Users\\standley.eugene\\Documents\\GitHub\\capstoneSweng894\\src\\api\\index.js": {"path":"C:\\Users\\standley.eugene\\Documents\\GitHub\\capstoneSweng894\\src\\api\\index.js","statementMap":{"0":{"start":{"line":3,"column":16},"end":{"line":3,"column":53}},"1":{"start":{"line":5,"column":35},"end":{"line":11,"column":1}},"2":{"start":{"line":6,"column":4},"end":{"line":10,"column":5}},"3":{"start":{"line":13,"column":28},"end":{"line":18,"column":1}},"4":{"start":{"line":14,"column":4},"end":{"line":17,"column":5}},"5":{"start":{"line":25,"column":29},"end":{"line":40,"column":1}},"6":{"start":{"line":26,"column":18},"end":{"line":26,"column":44}},"7":{"start":{"line":32,"column":4},"end":{"line":39,"column":5}},"8":{"start":{"line":47,"column":37},"end":{"line":62,"column":1}},"9":{"start":{"line":48,"column":18},"end":{"line":48,"column":44}},"10":{"start":{"line":54,"column":4},"end":{"line":61,"column":5}},"11":{"start":{"line":69,"column":30},"end":{"line":82,"column":1}},"12":{"start":{"line":70,"column":18},"end":{"line":70,"column":37}},"13":{"start":{"line":75,"column":4},"end":{"line":81,"column":5}},"14":{"start":{"line":90,"column":32},"end":{"line":103,"column":1}},"15":{"start":{"line":91,"column":18},"end":{"line":91,"column":37}},"16":{"start":{"line":96,"column":4},"end":{"line":102,"column":5}},"17":{"start":{"line":111,"column":33},"end":{"line":126,"column":1}},"18":{"start":{"line":112,"column":18},"end":{"line":112,"column":44}},"19":{"start":{"line":114,"column":6},"end":{"line":114,"column":47}},"20":{"start":{"line":115,"column":6},"end":{"line":115,"column":46}},"21":{"start":{"line":116,"column":6},"end":{"line":116,"column":37}},"22":{"start":{"line":118,"column":4},"end":{"line":125,"column":5}},"23":{"start":{"line":133,"column":34},"end":{"line":146,"column":1}},"24":{"start":{"line":134,"column":18},"end":{"line":134,"column":37}},"25":{"start":{"line":136,"column":6},"end":{"line":136,"column":48}},"26":{"start":{"line":137,"column":6},"end":{"line":137,"column":52}},"27":{"start":{"line":139,"column":4},"end":{"line":145,"column":5}},"28":{"start":{"line":148,"column":13},"end":{"line":154,"column":1}}},"fnMap":{"0":{"name":"(anonymous_0)","decl":{"start":{"line":5,"column":35},"end":{"line":5,"column":36}},"loc":{"start":{"line":5,"column":46},"end":{"line":11,"column":1}},"line":5},"1":{"name":"(anonymous_1)","decl":{"start":{"line":13,"column":28},"end":{"line":13,"column":29}},"loc":{"start":{"line":13,"column":39},"end":{"line":18,"column":1}},"line":13},"2":{"name":"(anonymous_2)","decl":{"start":{"line":25,"column":29},"end":{"line":25,"column":30}},"loc":{"start":{"line":25,"column":49},"end":{"line":40,"column":1}},"line":25},"3":{"name":"(anonymous_3)","decl":{"start":{"line":47,"column":37},"end":{"line":47,"column":38}},"loc":{"start":{"line":47,"column":57},"end":{"line":62,"column":1}},"line":47},"4":{"name":"(anonymous_4)","decl":{"start":{"line":69,"column":30},"end":{"line":69,"column":31}},"loc":{"start":{"line":69,"column":45},"end":{"line":82,"column":1}},"line":69},"5":{"name":"(anonymous_5)","decl":{"start":{"line":90,"column":32},"end":{"line":90,"column":33}},"loc":{"start":{"line":90,"column":55},"end":{"line":103,"column":1}},"line":90},"6":{"name":"(anonymous_6)","decl":{"start":{"line":111,"column":33},"end":{"line":111,"column":34}},"loc":{"start":{"line":111,"column":53},"end":{"line":126,"column":1}},"line":111},"7":{"name":"(anonymous_7)","decl":{"start":{"line":133,"column":34},"end":{"line":133,"column":35}},"loc":{"start":{"line":133,"column":49},"end":{"line":146,"column":1}},"line":133}},"branchMap":{},"s":{"0":1,"1":1,"2":0,"3":1,"4":0,"5":1,"6":0,"7":0,"8":1,"9":0,"10":0,"11":1,"12":0,"13":0,"14":1,"15":0,"16":0,"17":1,"18":0,"19":0,"20":0,"21":0,"22":0,"23":1,"24":0,"25":0,"26":0,"27":0,"28":1},"f":{"0":0,"1":0,"2":0,"3":0,"4":0,"5":0,"6":0,"7":0},"b":{},"_coverageSchema":"43e27e138ebf9cfc5966b082cf9a028302ed4184","hash":"3589a1485629f694ef3c29624372b4b449f5bd9e"}
,"C:\\Users\\standley.eugene\\Documents\\GitHub\\capstoneSweng894\\src\\components\\account\\AccountAddress.js": {"path":"C:\\Users\\standley.eugene\\Documents\\GitHub\\capstoneSweng894\\src\\components\\account\\AccountAddress.js","statementMap":{"0":{"start":{"line":6,"column":23},"end":{"line":43,"column":1}},"1":{"start":{"line":7,"column":4},"end":{"line":42,"column":5}}},"fnMap":{"0":{"name":"(anonymous_0)","decl":{"start":{"line":6,"column":23},"end":{"line":6,"column":24}},"loc":{"start":{"line":6,"column":34},"end":{"line":43,"column":1}},"line":6}},"branchMap":{},"s":{"0":1,"1":0},"f":{"0":0},"b":{},"_coverageSchema":"43e27e138ebf9cfc5966b082cf9a028302ed4184","hash":"bbc139b9ca8cc312158d6f8507d6bc0c6de9d859"}
,"C:\\Users\\standley.eugene\\Documents\\GitHub\\capstoneSweng894\\src\\components\\account\\AccountButtons.js": {"path":"C:\\Users\\standley.eugene\\Documents\\GitHub\\capstoneSweng894\\src\\components\\account\\AccountButtons.js","statementMap":{"0":{"start":{"line":10,"column":23},"end":{"line":22,"column":1}},"1":{"start":{"line":11,"column":4},"end":{"line":21,"column":5}}},"fnMap":{"0":{"name":"(anonymous_0)","decl":{"start":{"line":10,"column":23},"end":{"line":10,"column":24}},"loc":{"start":{"line":10,"column":34},"end":{"line":22,"column":1}},"line":10}},"branchMap":{},"s":{"0":1,"1":1},"f":{"0":1},"b":{},"_coverageSchema":"43e27e138ebf9cfc5966b082cf9a028302ed4184","hash":"2238455e0561cee8dd4cd02908c2aa0ea567937f"}
,"C:\\Users\\standley.eugene\\Documents\\GitHub\\capstoneSweng894\\src\\components\\account\\AccountDetails.js": {"path":"C:\\Users\\standley.eugene\\Documents\\GitHub\\capstoneSweng894\\src\\components\\account\\AccountDetails.js","statementMap":{"0":{"start":{"line":14,"column":23},"end":{"line":29,"column":1}},"1":{"start":{"line":15,"column":4},"end":{"line":28,"column":5}},"2":{"start":{"line":16,"column":8},"end":{"line":27,"column":9}},"3":{"start":{"line":34,"column":22},"end":{"line":42,"column":1}},"4":{"start":{"line":35,"column":4},"end":{"line":41,"column":5}},"5":{"start":{"line":36,"column":8},"end":{"line":40,"column":9}},"6":{"start":{"line":49,"column":23},"end":{"line":130,"column":1}},"7":{"start":{"line":50,"column":4},"end":{"line":129,"column":5}}},"fnMap":{"0":{"name":"(anonymous_0)","decl":{"start":{"line":14,"column":23},"end":{"line":14,"column":24}},"loc":{"start":{"line":14,"column":34},"end":{"line":29,"column":1}},"line":14},"1":{"name":"(anonymous_1)","decl":{"start":{"line":34,"column":22},"end":{"line":34,"column":23}},"loc":{"start":{"line":34,"column":33},"end":{"line":42,"column":1}},"line":34},"2":{"name":"(anonymous_2)","decl":{"start":{"line":49,"column":23},"end":{"line":49,"column":24}},"loc":{"start":{"line":49,"column":34},"end":{"line":130,"column":1}},"line":49}},"branchMap":{"0":{"loc":{"start":{"line":15,"column":4},"end":{"line":28,"column":5}},"type":"if","locations":[{"start":{"line":15,"column":4},"end":{"line":28,"column":5}},{"start":{"line":15,"column":4},"end":{"line":28,"column":5}}],"line":15},"1":{"loc":{"start":{"line":35,"column":4},"end":{"line":41,"column":5}},"type":"if","locations":[{"start":{"line":35,"column":4},"end":{"line":41,"column":5}},{"start":{"line":35,"column":4},"end":{"line":41,"column":5}}],"line":35}},"s":{"0":1,"1":0,"2":0,"3":1,"4":0,"5":0,"6":1,"7":0},"f":{"0":0,"1":0,"2":0},"b":{"0":[0,0],"1":[0,0]},"_coverageSchema":"43e27e138ebf9cfc5966b082cf9a028302ed4184","hash":"106b36c8611ab4f1ebb2df529bce330e592f93d8"}
,"C:\\Users\\standley.eugene\\Documents\\GitHub\\capstoneSweng894\\src\\components\\account\\AccountForm.js": {"path":"C:\\Users\\standley.eugene\\Documents\\GitHub\\capstoneSweng894\\src\\components\\account\\AccountForm.js","statementMap":{"0":{"start":{"line":21,"column":23},"end":{"line":35,"column":1}},"1":{"start":{"line":22,"column":4},"end":{"line":34,"column":5}},"2":{"start":{"line":23,"column":8},"end":{"line":31,"column":9}},"3":{"start":{"line":33,"column":8},"end":{"line":33,"column":23}},"4":{"start":{"line":43,"column":20},"end":{"line":83,"column":1}},"5":{"start":{"line":44,"column":4},"end":{"line":82,"column":5}}},"fnMap":{"0":{"name":"(anonymous_0)","decl":{"start":{"line":21,"column":23},"end":{"line":21,"column":24}},"loc":{"start":{"line":21,"column":34},"end":{"line":35,"column":1}},"line":21},"1":{"name":"(anonymous_1)","decl":{"start":{"line":43,"column":20},"end":{"line":43,"column":21}},"loc":{"start":{"line":43,"column":31},"end":{"line":83,"column":1}},"line":43}},"branchMap":{"0":{"loc":{"start":{"line":22,"column":4},"end":{"line":34,"column":5}},"type":"if","locations":[{"start":{"line":22,"column":4},"end":{"line":34,"column":5}},{"start":{"line":22,"column":4},"end":{"line":34,"column":5}}],"line":22}},"s":{"0":1,"1":0,"2":0,"3":0,"4":1,"5":0},"f":{"0":0,"1":0},"b":{"0":[0,0]},"_coverageSchema":"43e27e138ebf9cfc5966b082cf9a028302ed4184","hash":"7aca42730973ef87303e3dfbb62b59be088cb1aa"}
,"C:\\Users\\standley.eugene\\Documents\\GitHub\\capstoneSweng894\\src\\components\\account\\AccountImage.js": {"path":"C:\\Users\\standley.eugene\\Documents\\GitHub\\capstoneSweng894\\src\\components\\account\\AccountImage.js","statementMap":{"0":{"start":{"line":9,"column":21},"end":{"line":29,"column":1}},"1":{"start":{"line":10,"column":24},"end":{"line":25,"column":5}},"2":{"start":{"line":11,"column":8},"end":{"line":23,"column":9}},"3":{"start":{"line":12,"column":12},"end":{"line":16,"column":13}},"4":{"start":{"line":18,"column":12},"end":{"line":22,"column":13}},"5":{"start":{"line":26,"column":4},"end":{"line":28,"column":5}}},"fnMap":{"0":{"name":"(anonymous_0)","decl":{"start":{"line":9,"column":21},"end":{"line":9,"column":22}},"loc":{"start":{"line":9,"column":32},"end":{"line":29,"column":1}},"line":9},"1":{"name":"(anonymous_1)","decl":{"start":{"line":10,"column":24},"end":{"line":10,"column":25}},"loc":{"start":{"line":10,"column":30},"end":{"line":25,"column":5}},"line":10}},"branchMap":{"0":{"loc":{"start":{"line":11,"column":8},"end":{"line":23,"column":9}},"type":"if","locations":[{"start":{"line":11,"column":8},"end":{"line":23,"column":9}},{"start":{"line":11,"column":8},"end":{"line":23,"column":9}}],"line":11}},"s":{"0":1,"1":1,"2":1,"3":1,"4":0,"5":1},"f":{"0":1,"1":1},"b":{"0":[1,0]},"_coverageSchema":"43e27e138ebf9cfc5966b082cf9a028302ed4184","hash":"df2ecb99a7cf9cc7a76cfad2e37111a378a1d702"}
,"C:\\Users\\standley.eugene\\Documents\\GitHub\\capstoneSweng894\\src\\components\\account\\AccountImageUpload.js": {"path":"C:\\Users\\standley.eugene\\Documents\\GitHub\\capstoneSweng894\\src\\components\\account\\AccountImageUpload.js","statementMap":{"0":{"start":{"line":9,"column":27},"end":{"line":16,"column":1}},"1":{"start":{"line":10,"column":18},"end":{"line":10,"column":106}},"2":{"start":{"line":11,"column":4},"end":{"line":15,"column":5}},"3":{"start":{"line":18,"column":15},"end":{"line":28,"column":1}}},"fnMap":{"0":{"name":"(anonymous_0)","decl":{"start":{"line":9,"column":27},"end":{"line":9,"column":28}},"loc":{"start":{"line":9,"column":38},"end":{"line":16,"column":1}},"line":9}},"branchMap":{"0":{"loc":{"start":{"line":10,"column":18},"end":{"line":10,"column":106}},"type":"cond-expr","locations":[{"start":{"line":10,"column":51},"end":{"line":10,"column":92}},{"start":{"line":10,"column":95},"end":{"line":10,"column":106}}],"line":10}},"s":{"0":0,"1":0,"2":0,"3":0},"f":{"0":0},"b":{"0":[0,0]},"hash":"3aed8c58960e8b4f2b24562682bacff28ff36057"}
,"C:\\Users\\standley.eugene\\Documents\\GitHub\\capstoneSweng894\\src\\components\\account\\AccountLogIn.js": {"path":"C:\\Users\\standley.eugene\\Documents\\GitHub\\capstoneSweng894\\src\\components\\account\\AccountLogIn.js","statementMap":{"0":{"start":{"line":10,"column":22},"end":{"line":34,"column":1}},"1":{"start":{"line":11,"column":4},"end":{"line":33,"column":5}}},"fnMap":{"0":{"name":"(anonymous_0)","decl":{"start":{"line":10,"column":22},"end":{"line":10,"column":23}},"loc":{"start":{"line":10,"column":33},"end":{"line":34,"column":1}},"line":10}},"branchMap":{},"s":{"0":1,"1":0},"f":{"0":0},"b":{},"_coverageSchema":"43e27e138ebf9cfc5966b082cf9a028302ed4184","hash":"3ae14bc49d7d148687f92c5da68312397a25688d"}
,"C:\\Users\\standley.eugene\\Documents\\GitHub\\capstoneSweng894\\src\\components\\account\\AccountOptions.js": {"path":"C:\\Users\\standley.eugene\\Documents\\GitHub\\capstoneSweng894\\src\\components\\account\\AccountOptions.js","statementMap":{"0":{"start":{"line":11,"column":23},"end":{"line":23,"column":1}},"1":{"start":{"line":12,"column":4},"end":{"line":22,"column":5}}},"fnMap":{"0":{"name":"(anonymous_0)","decl":{"start":{"line":11,"column":23},"end":{"line":11,"column":24}},"loc":{"start":{"line":11,"column":34},"end":{"line":23,"column":1}},"line":11}},"branchMap":{},"s":{"0":1,"1":1},"f":{"0":1},"b":{},"_coverageSchema":"43e27e138ebf9cfc5966b082cf9a028302ed4184","hash":"02f5cbe771f9d45a85ae73ee327aa72448a9e626"}
,"C:\\Users\\standley.eugene\\Documents\\GitHub\\capstoneSweng894\\src\\components\\account\\index.js": {"path":"C:\\Users\\standley.eugene\\Documents\\GitHub\\capstoneSweng894\\src\\components\\account\\index.js","statementMap":{},"fnMap":{},"branchMap":{},"s":{},"f":{},"b":{},"hash":"d3c6be4256a527785a79c035e21aae475604f09f"}
,"C:\\Users\\standley.eugene\\Documents\\GitHub\\capstoneSweng894\\src\\components\\common\\Button.js": {"path":"C:\\Users\\standley.eugene\\Documents\\GitHub\\capstoneSweng894\\src\\components\\common\\Button.js","statementMap":{"0":{"start":{"line":8,"column":15},"end":{"line":18,"column":1}},"1":{"start":{"line":9,"column":35},"end":{"line":9,"column":41}},"2":{"start":{"line":11,"column":0},"end":{"line":17,"column":4}},"3":{"start":{"line":20,"column":15},"end":{"line":40,"column":1}}},"fnMap":{"0":{"name":"(anonymous_0)","decl":{"start":{"line":8,"column":15},"end":{"line":8,"column":16}},"loc":{"start":{"line":8,"column":42},"end":{"line":18,"column":1}},"line":8}},"branchMap":{},"s":{"0":1,"1":0,"2":0,"3":1},"f":{"0":0},"b":{},"_coverageSchema":"43e27e138ebf9cfc5966b082cf9a028302ed4184","hash":"c38444e6bf0a56deb6ff6b3618670b1eebf25cf6"}
,"C:\\Users\\standley.eugene\\Documents\\GitHub\\capstoneSweng894\\src\\components\\common\\ButtonCustom.js": {"path":"C:\\Users\\standley.eugene\\Documents\\GitHub\\capstoneSweng894\\src\\components\\common\\ButtonCustom.js","statementMap":{"0":{"start":{"line":4,"column":21},"end":{"line":12,"column":1}},"1":{"start":{"line":5,"column":0},"end":{"line":11,"column":4}}},"fnMap":{"0":{"name":"(anonymous_0)","decl":{"start":{"line":4,"column":21},"end":{"line":4,"column":22}},"loc":{"start":{"line":4,"column":72},"end":{"line":12,"column":1}},"line":4}},"branchMap":{},"s":{"0":1,"1":2},"f":{"0":2},"b":{},"_coverageSchema":"43e27e138ebf9cfc5966b082cf9a028302ed4184","hash":"c0a5a94f1d84e93050f4e26b1bfedeb866f45660"}
,"C:\\Users\\standley.eugene\\Documents\\GitHub\\capstoneSweng894\\src\\components\\common\\Card.js": {"path":"C:\\Users\\standley.eugene\\Documents\\GitHub\\capstoneSweng894\\src\\components\\common\\Card.js","statementMap":{"0":{"start":{"line":4,"column":13},"end":{"line":8,"column":1}},"1":{"start":{"line":5,"column":2},"end":{"line":7,"column":9}},"2":{"start":{"line":10,"column":15},"end":{"line":25,"column":1}}},"fnMap":{"0":{"name":"(anonymous_0)","decl":{"start":{"line":4,"column":13},"end":{"line":4,"column":14}},"loc":{"start":{"line":5,"column":2},"end":{"line":7,"column":9}},"line":5}},"branchMap":{},"s":{"0":1,"1":0,"2":1},"f":{"0":0},"b":{},"_coverageSchema":"43e27e138ebf9cfc5966b082cf9a028302ed4184","hash":"5f0503e9bff83d0c96ffd223d2a8345f615e29c3"}
,"C:\\Users\\standley.eugene\\Documents\\GitHub\\capstoneSweng894\\src\\components\\common\\CardSection.js": {"path":"C:\\Users\\standley.eugene\\Documents\\GitHub\\capstoneSweng894\\src\\components\\common\\CardSection.js","statementMap":{"0":{"start":{"line":4,"column":20},"end":{"line":8,"column":1}},"1":{"start":{"line":5,"column":2},"end":{"line":7,"column":9}},"2":{"start":{"line":10,"column":15},"end":{"line":20,"column":1}}},"fnMap":{"0":{"name":"(anonymous_0)","decl":{"start":{"line":4,"column":20},"end":{"line":4,"column":21}},"loc":{"start":{"line":5,"column":2},"end":{"line":7,"column":9}},"line":5}},"branchMap":{},"s":{"0":1,"1":0,"2":1},"f":{"0":0},"b":{},"_coverageSchema":"43e27e138ebf9cfc5966b082cf9a028302ed4184","hash":"e0f656caa981e4982cb4119d114e8a6c52b9f901"}
,"C:\\Users\\standley.eugene\\Documents\\GitHub\\capstoneSweng894\\src\\components\\common\\CheckBox.js": {"path":"C:\\Users\\standley.eugene\\Documents\\GitHub\\capstoneSweng894\\src\\components\\common\\CheckBox.js","statementMap":{"0":{"start":{"line":6,"column":17},"end":{"line":18,"column":1}},"1":{"start":{"line":7,"column":4},"end":{"line":17,"column":23}},"2":{"start":{"line":20,"column":15},"end":{"line":25,"column":1}}},"fnMap":{"0":{"name":"(anonymous_0)","decl":{"start":{"line":6,"column":17},"end":{"line":6,"column":18}},"loc":{"start":{"line":7,"column":4},"end":{"line":17,"column":23}},"line":7}},"branchMap":{"0":{"loc":{"start":{"line":6,"column":57},"end":{"line":6,"column":66}},"type":"default-arg","locations":[{"start":{"line":6,"column":64},"end":{"line":6,"column":66}}],"line":6},"1":{"loc":{"start":{"line":6,"column":68},"end":{"line":6,"column":85}},"type":"default-arg","locations":[{"start":{"line":6,"column":76},"end":{"line":6,"column":85}}],"line":6},"2":{"loc":{"start":{"line":6,"column":87},"end":{"line":6,"column":94}},"type":"default-arg","locations":[{"start":{"line":6,"column":92},"end":{"line":6,"column":94}}],"line":6},"3":{"loc":{"start":{"line":14,"column":19},"end":{"line":14,"column":69}},"type":"cond-expr","locations":[{"start":{"line":14,"column":30},"end":{"line":14,"column":41}},{"start":{"line":14,"column":44},"end":{"line":14,"column":69}}],"line":14}},"s":{"0":1,"1":0,"2":1},"f":{"0":0},"b":{"0":[0],"1":[0],"2":[0],"3":[0,0]},"_coverageSchema":"43e27e138ebf9cfc5966b082cf9a028302ed4184","hash":"ed09d15a812e0c7b14a61390b4fab8fef0227816"}
,"C:\\Users\\standley.eugene\\Documents\\GitHub\\capstoneSweng894\\src\\components\\common\\Header.js": {"path":"C:\\Users\\standley.eugene\\Documents\\GitHub\\capstoneSweng894\\src\\components\\common\\Header.js","statementMap":{"0":{"start":{"line":6,"column":15},"end":{"line":14,"column":1}},"1":{"start":{"line":7,"column":35},"end":{"line":7,"column":41}},"2":{"start":{"line":9,"column":2},"end":{"line":13,"column":4}},"3":{"start":{"line":16,"column":15},"end":{"line":39,"column":1}}},"fnMap":{"0":{"name":"(anonymous_0)","decl":{"start":{"line":6,"column":15},"end":{"line":6,"column":16}},"loc":{"start":{"line":6,"column":26},"end":{"line":14,"column":1}},"line":6}},"branchMap":{},"s":{"0":1,"1":0,"2":0,"3":1},"f":{"0":0},"b":{},"_coverageSchema":"43e27e138ebf9cfc5966b082cf9a028302ed4184","hash":"b36adea7bd1ff951b58cbd57cbeb5caeaa3b19be"}
,"C:\\Users\\standley.eugene\\Documents\\GitHub\\capstoneSweng894\\src\\components\\common\\ImageButton.js": {"path":"C:\\Users\\standley.eugene\\Documents\\GitHub\\capstoneSweng894\\src\\components\\common\\ImageButton.js","statementMap":{"0":{"start":{"line":4,"column":20},"end":{"line":14,"column":1}},"1":{"start":{"line":6,"column":0},"end":{"line":13,"column":4}},"2":{"start":{"line":16,"column":15},"end":{"line":24,"column":1}}},"fnMap":{"0":{"name":"(anonymous_0)","decl":{"start":{"line":4,"column":20},"end":{"line":4,"column":21}},"loc":{"start":{"line":4,"column":50},"end":{"line":14,"column":1}},"line":4}},"branchMap":{},"s":{"0":1,"1":0,"2":1},"f":{"0":0},"b":{},"_coverageSchema":"43e27e138ebf9cfc5966b082cf9a028302ed4184","hash":"934a9563089eef4236fd91733c2e6cea7629c09e"}
,"C:\\Users\\standley.eugene\\Documents\\GitHub\\capstoneSweng894\\src\\components\\common\\Input.js": {"path":"C:\\Users\\standley.eugene\\Documents\\GitHub\\capstoneSweng894\\src\\components\\common\\Input.js","statementMap":{"0":{"start":{"line":4,"column":14},"end":{"line":23,"column":1}},"1":{"start":{"line":5,"column":53},"end":{"line":5,"column":59}},"2":{"start":{"line":7,"column":2},"end":{"line":22,"column":4}},"3":{"start":{"line":25,"column":15},"end":{"line":60,"column":1}}},"fnMap":{"0":{"name":"(anonymous_0)","decl":{"start":{"line":4,"column":14},"end":{"line":4,"column":15}},"loc":{"start":{"line":4,"column":87},"end":{"line":23,"column":1}},"line":4}},"branchMap":{"0":{"loc":{"start":{"line":13,"column":30},"end":{"line":13,"column":72}},"type":"cond-expr","locations":[{"start":{"line":13,"column":54},"end":{"line":13,"column":56}},{"start":{"line":13,"column":59},"end":{"line":13,"column":72}}],"line":13}},"s":{"0":1,"1":0,"2":0,"3":1},"f":{"0":0},"b":{"0":[0,0]},"_coverageSchema":"43e27e138ebf9cfc5966b082cf9a028302ed4184","hash":"9ec9cc8994bcd63cfc707c1270c7d945d7d6a2e4"}
,"C:\\Users\\standley.eugene\\Documents\\GitHub\\capstoneSweng894\\src\\components\\common\\InputCustom.js": {"path":"C:\\Users\\standley.eugene\\Documents\\GitHub\\capstoneSweng894\\src\\components\\common\\InputCustom.js","statementMap":{"0":{"start":{"line":4,"column":20},"end":{"line":22,"column":1}},"1":{"start":{"line":6,"column":2},"end":{"line":21,"column":4}},"2":{"start":{"line":24,"column":15},"end":{"line":34,"column":1}}},"fnMap":{"0":{"name":"(anonymous_0)","decl":{"start":{"line":4,"column":20},"end":{"line":4,"column":21}},"loc":{"start":{"line":5,"column":66},"end":{"line":22,"column":1}},"line":5}},"branchMap":{"0":{"loc":{"start":{"line":12,"column":30},"end":{"line":12,"column":72}},"type":"cond-expr","locations":[{"start":{"line":12,"column":54},"end":{"line":12,"column":56}},{"start":{"line":12,"column":59},"end":{"line":12,"column":72}}],"line":12}},"s":{"0":1,"1":0,"2":1},"f":{"0":0},"b":{"0":[0,0]},"_coverageSchema":"43e27e138ebf9cfc5966b082cf9a028302ed4184","hash":"3db4f7081d0eb26d04b81d34542fb4b5bfc81173"}
,"C:\\Users\\standley.eugene\\Documents\\GitHub\\capstoneSweng894\\src\\components\\common\\InputNumber.js": {"path":"C:\\Users\\standley.eugene\\Documents\\GitHub\\capstoneSweng894\\src\\components\\common\\InputNumber.js","statementMap":{"0":{"start":{"line":4,"column":20},"end":{"line":23,"column":1}},"1":{"start":{"line":5,"column":53},"end":{"line":5,"column":59}},"2":{"start":{"line":7,"column":2},"end":{"line":22,"column":4}},"3":{"start":{"line":25,"column":15},"end":{"line":55,"column":1}}},"fnMap":{"0":{"name":"(anonymous_0)","decl":{"start":{"line":4,"column":20},"end":{"line":4,"column":21}},"loc":{"start":{"line":4,"column":93},"end":{"line":23,"column":1}},"line":4}},"branchMap":{"0":{"loc":{"start":{"line":13,"column":30},"end":{"line":13,"column":72}},"type":"cond-expr","locations":[{"start":{"line":13,"column":54},"end":{"line":13,"column":56}},{"start":{"line":13,"column":59},"end":{"line":13,"column":72}}],"line":13},"1":{"loc":{"start":{"line":14,"column":22},"end":{"line":14,"column":79}},"type":"cond-expr","locations":[{"start":{"line":14,"column":44},"end":{"line":14,"column":69}},{"start":{"line":14,"column":70},"end":{"line":14,"column":79}}],"line":14}},"s":{"0":1,"1":0,"2":0,"3":1},"f":{"0":0},"b":{"0":[0,0],"1":[0,0]},"_coverageSchema":"43e27e138ebf9cfc5966b082cf9a028302ed4184","hash":"c1ea577f5894de188d56a097cea6d0fedbcfea54"}
,"C:\\Users\\standley.eugene\\Documents\\GitHub\\capstoneSweng894\\src\\components\\common\\PickerList.js": {"path":"C:\\Users\\standley.eugene\\Documents\\GitHub\\capstoneSweng894\\src\\components\\common\\PickerList.js","statementMap":{"0":{"start":{"line":4,"column":19},"end":{"line":66,"column":1}},"1":{"start":{"line":5,"column":43},"end":{"line":5,"column":49}},"2":{"start":{"line":7,"column":25},"end":{"line":43,"column":5}},"3":{"start":{"line":8,"column":8},"end":{"line":8,"column":26}},"4":{"start":{"line":10,"column":8},"end":{"line":42,"column":9}},"5":{"start":{"line":11,"column":12},"end":{"line":25,"column":13}},"6":{"start":{"line":17,"column":24},"end":{"line":21,"column":26}},"7":{"start":{"line":27,"column":12},"end":{"line":41,"column":13}},"8":{"start":{"line":33,"column":28},"end":{"line":37,"column":30}},"9":{"start":{"line":45,"column":4},"end":{"line":65,"column":5}},"10":{"start":{"line":56,"column":28},"end":{"line":60,"column":30}},"11":{"start":{"line":68,"column":15},"end":{"line":80,"column":1}}},"fnMap":{"0":{"name":"(anonymous_0)","decl":{"start":{"line":4,"column":19},"end":{"line":4,"column":20}},"loc":{"start":{"line":4,"column":61},"end":{"line":66,"column":1}},"line":4},"1":{"name":"(anonymous_1)","decl":{"start":{"line":7,"column":25},"end":{"line":7,"column":26}},"loc":{"start":{"line":7,"column":31},"end":{"line":43,"column":5}},"line":7},"2":{"name":"(anonymous_2)","decl":{"start":{"line":16,"column":28},"end":{"line":16,"column":29}},"loc":{"start":{"line":16,"column":38},"end":{"line":22,"column":21}},"line":16},"3":{"name":"(anonymous_3)","decl":{"start":{"line":32,"column":30},"end":{"line":32,"column":31}},"loc":{"start":{"line":32,"column":40},"end":{"line":38,"column":25}},"line":32},"4":{"name":"(anonymous_4)","decl":{"start":{"line":55,"column":30},"end":{"line":55,"column":31}},"loc":{"start":{"line":55,"column":40},"end":{"line":61,"column":25}},"line":55}},"branchMap":{"0":{"loc":{"start":{"line":10,"column":8},"end":{"line":42,"column":9}},"type":"if","locations":[{"start":{"line":10,"column":8},"end":{"line":42,"column":9}},{"start":{"line":10,"column":8},"end":{"line":42,"column":9}}],"line":10}},"s":{"0":1,"1":0,"2":0,"3":0,"4":0,"5":0,"6":0,"7":0,"8":0,"9":0,"10":0,"11":1},"f":{"0":0,"1":0,"2":0,"3":0,"4":0},"b":{"0":[0,0]},"_coverageSchema":"43e27e138ebf9cfc5966b082cf9a028302ed4184","hash":"ee0756afaa779f4ee7f27a6a7c94439c6821b6f1"}
,"C:\\Users\\standley.eugene\\Documents\\GitHub\\capstoneSweng894\\src\\components\\common\\Spinner.js": {"path":"C:\\Users\\standley.eugene\\Documents\\GitHub\\capstoneSweng894\\src\\components\\common\\Spinner.js","statementMap":{"0":{"start":{"line":4,"column":16},"end":{"line":8,"column":1}},"1":{"start":{"line":5,"column":2},"end":{"line":7,"column":9}},"2":{"start":{"line":10,"column":15},"end":{"line":16,"column":1}}},"fnMap":{"0":{"name":"(anonymous_0)","decl":{"start":{"line":4,"column":16},"end":{"line":4,"column":17}},"loc":{"start":{"line":5,"column":2},"end":{"line":7,"column":9}},"line":5}},"branchMap":{"0":{"loc":{"start":{"line":6,"column":29},"end":{"line":6,"column":44}},"type":"binary-expr","locations":[{"start":{"line":6,"column":29},"end":{"line":6,"column":33}},{"start":{"line":6,"column":37},"end":{"line":6,"column":44}}],"line":6}},"s":{"0":1,"1":0,"2":1},"f":{"0":0},"b":{"0":[0,0]},"_coverageSchema":"43e27e138ebf9cfc5966b082cf9a028302ed4184","hash":"b791da3d89eb3efce680058f443c6f39fa20bcef"}
,"C:\\Users\\standley.eugene\\Documents\\GitHub\\capstoneSweng894\\src\\components\\common\\index.js": {"path":"C:\\Users\\standley.eugene\\Documents\\GitHub\\capstoneSweng894\\src\\components\\common\\index.js","statementMap":{},"fnMap":{},"branchMap":{},"s":{},"f":{},"b":{},"_coverageSchema":"43e27e138ebf9cfc5966b082cf9a028302ed4184","hash":"518ba043a49d3ae6c9ad117ae21edef58c39cea7"}
,"C:\\Users\\standley.eugene\\Documents\\GitHub\\capstoneSweng894\\src\\components\\preference\\PrefChoice.js": {"path":"C:\\Users\\standley.eugene\\Documents\\GitHub\\capstoneSweng894\\src\\components\\preference\\PrefChoice.js","statementMap":{"0":{"start":{"line":7,"column":19},"end":{"line":39,"column":1}},"1":{"start":{"line":8,"column":42},"end":{"line":8,"column":62}},"2":{"start":{"line":10,"column":4},"end":{"line":38,"column":5}},"3":{"start":{"line":17,"column":28},"end":{"line":17,"column":56}},"4":{"start":{"line":18,"column":28},"end":{"line":18,"column":68}},"5":{"start":{"line":27,"column":28},"end":{"line":27,"column":56}},"6":{"start":{"line":28,"column":28},"end":{"line":28,"column":68}}},"fnMap":{"0":{"name":"(anonymous_0)","decl":{"start":{"line":7,"column":19},"end":{"line":7,"column":20}},"loc":{"start":{"line":7,"column":30},"end":{"line":39,"column":1}},"line":7},"1":{"name":"(anonymous_1)","decl":{"start":{"line":16,"column":33},"end":{"line":16,"column":34}},"loc":{"start":{"line":16,"column":39},"end":{"line":19,"column":25}},"line":16},"2":{"name":"(anonymous_2)","decl":{"start":{"line":26,"column":33},"end":{"line":26,"column":34}},"loc":{"start":{"line":26,"column":39},"end":{"line":29,"column":25}},"line":26}},"branchMap":{"0":{"loc":{"start":{"line":20,"column":37},"end":{"line":20,"column":93}},"type":"cond-expr","locations":[{"start":{"line":20,"column":51},"end":{"line":20,"column":72}},{"start":{"line":20,"column":75},"end":{"line":20,"column":93}}],"line":20},"1":{"loc":{"start":{"line":21,"column":35},"end":{"line":21,"column":91}},"type":"cond-expr","locations":[{"start":{"line":21,"column":49},"end":{"line":21,"column":70}},{"start":{"line":21,"column":73},"end":{"line":21,"column":91}}],"line":21},"2":{"loc":{"start":{"line":30,"column":37},"end":{"line":30,"column":93}},"type":"cond-expr","locations":[{"start":{"line":30,"column":51},"end":{"line":30,"column":69}},{"start":{"line":30,"column":72},"end":{"line":30,"column":93}}],"line":30},"3":{"loc":{"start":{"line":31,"column":35},"end":{"line":31,"column":91}},"type":"cond-expr","locations":[{"start":{"line":31,"column":49},"end":{"line":31,"column":67}},{"start":{"line":31,"column":70},"end":{"line":31,"column":91}}],"line":31}},"s":{"0":1,"1":0,"2":0,"3":0,"4":0,"5":0,"6":0},"f":{"0":0,"1":0,"2":0},"b":{"0":[0,0],"1":[0,0],"2":[0,0],"3":[0,0]},"_coverageSchema":"43e27e138ebf9cfc5966b082cf9a028302ed4184","hash":"6e02e3d0d53949084b1106db677c370e9452f583"}
,"C:\\Users\\standley.eugene\\Documents\\GitHub\\capstoneSweng894\\src\\components\\preference\\PrefResult.js": {"path":"C:\\Users\\standley.eugene\\Documents\\GitHub\\capstoneSweng894\\src\\components\\preference\\PrefResult.js","statementMap":{"0":{"start":{"line":7,"column":19},"end":{"line":61,"column":1}},"1":{"start":{"line":8,"column":4},"end":{"line":60,"column":5}}},"fnMap":{"0":{"name":"(anonymous_0)","decl":{"start":{"line":7,"column":19},"end":{"line":7,"column":20}},"loc":{"start":{"line":7,"column":30},"end":{"line":61,"column":1}},"line":7}},"branchMap":{},"s":{"0":1,"1":0},"f":{"0":0},"b":{},"_coverageSchema":"43e27e138ebf9cfc5966b082cf9a028302ed4184","hash":"e5761cf04ae5057fc2dbbcdcb98b58a448180851"}
,"C:\\Users\\standley.eugene\\Documents\\GitHub\\capstoneSweng894\\src\\components\\preference\\PrefSearchFields.js": {"path":"C:\\Users\\standley.eugene\\Documents\\GitHub\\capstoneSweng894\\src\\components\\preference\\PrefSearchFields.js","statementMap":{"0":{"start":{"line":4,"column":25},"end":{"line":12,"column":1}},"1":{"start":{"line":5,"column":4},"end":{"line":11,"column":5}}},"fnMap":{"0":{"name":"(anonymous_0)","decl":{"start":{"line":4,"column":25},"end":{"line":4,"column":26}},"loc":{"start":{"line":4,"column":31},"end":{"line":12,"column":1}},"line":4}},"branchMap":{},"s":{"0":1,"1":0},"f":{"0":0},"b":{},"_coverageSchema":"43e27e138ebf9cfc5966b082cf9a028302ed4184","hash":"6cedf80c2eea9166fb294827e25aeaad4fcf5b92"}
,"C:\\Users\\standley.eugene\\Documents\\GitHub\\capstoneSweng894\\src\\components\\preference\\PrefTop.js": {"path":"C:\\Users\\standley.eugene\\Documents\\GitHub\\capstoneSweng894\\src\\components\\preference\\PrefTop.js","statementMap":{"0":{"start":{"line":6,"column":16},"end":{"line":22,"column":1}},"1":{"start":{"line":7,"column":4},"end":{"line":21,"column":5}}},"fnMap":{"0":{"name":"(anonymous_0)","decl":{"start":{"line":6,"column":16},"end":{"line":6,"column":17}},"loc":{"start":{"line":6,"column":27},"end":{"line":22,"column":1}},"line":6}},"branchMap":{},"s":{"0":1,"1":0},"f":{"0":0},"b":{},"_coverageSchema":"43e27e138ebf9cfc5966b082cf9a028302ed4184","hash":"b97a6e1392bb1c4704188d93b1d56a988d815d40"}
,"C:\\Users\\standley.eugene\\Documents\\GitHub\\capstoneSweng894\\src\\components\\preference\\SkipNav.js": {"path":"C:\\Users\\standley.eugene\\Documents\\GitHub\\capstoneSweng894\\src\\components\\preference\\SkipNav.js","statementMap":{"0":{"start":{"line":9,"column":16},"end":{"line":20,"column":1}},"1":{"start":{"line":10,"column":4},"end":{"line":19,"column":5}}},"fnMap":{"0":{"name":"(anonymous_0)","decl":{"start":{"line":9,"column":16},"end":{"line":9,"column":17}},"loc":{"start":{"line":9,"column":27},"end":{"line":20,"column":1}},"line":9}},"branchMap":{},"s":{"0":1,"1":0},"f":{"0":0},"b":{},"_coverageSchema":"43e27e138ebf9cfc5966b082cf9a028302ed4184","hash":"2aad3688b9546e2f5114c0b7a6fb8124a538b073"}
,"C:\\Users\\standley.eugene\\Documents\\GitHub\\capstoneSweng894\\src\\components\\preference\\index.js": {"path":"C:\\Users\\standley.eugene\\Documents\\GitHub\\capstoneSweng894\\src\\components\\preference\\index.js","statementMap":{},"fnMap":{},"branchMap":{},"s":{},"f":{},"b":{},"_coverageSchema":"43e27e138ebf9cfc5966b082cf9a028302ed4184","hash":"d2c8eff8a5a584e470118c21d030f25a4c1b001f"}
,"C:\\Users\\standley.eugene\\Documents\\GitHub\\capstoneSweng894\\src\\components\\styles\\AccountAddress.styles.js": {"path":"C:\\Users\\standley.eugene\\Documents\\GitHub\\capstoneSweng894\\src\\components\\styles\\AccountAddress.styles.js","statementMap":{},"fnMap":{},"branchMap":{},"s":{},"f":{},"b":{},"_coverageSchema":"43e27e138ebf9cfc5966b082cf9a028302ed4184","hash":"01fd8bdc639fef3a42dd08df39b6606359b231e8"}
,"C:\\Users\\standley.eugene\\Documents\\GitHub\\capstoneSweng894\\src\\components\\styles\\AccountDetails.styles.js": {"path":"C:\\Users\\standley.eugene\\Documents\\GitHub\\capstoneSweng894\\src\\components\\styles\\AccountDetails.styles.js","statementMap":{},"fnMap":{},"branchMap":{},"s":{},"f":{},"b":{},"_coverageSchema":"43e27e138ebf9cfc5966b082cf9a028302ed4184","hash":"5c3b170bad789b51aec590a7ed694d6dcb034a7d"}
,"C:\\Users\\standley.eugene\\Documents\\GitHub\\capstoneSweng894\\src\\components\\styles\\AccountForm.styles.js": {"path":"C:\\Users\\standley.eugene\\Documents\\GitHub\\capstoneSweng894\\src\\components\\styles\\AccountForm.styles.js","statementMap":{},"fnMap":{},"branchMap":{},"s":{},"f":{},"b":{},"_coverageSchema":"43e27e138ebf9cfc5966b082cf9a028302ed4184","hash":"5ffaaba8d47d39a0acc6cbc53af500f6ba7312b2"}
,"C:\\Users\\standley.eugene\\Documents\\GitHub\\capstoneSweng894\\src\\components\\styles\\BottomBtn.styles.js": {"path":"C:\\Users\\standley.eugene\\Documents\\GitHub\\capstoneSweng894\\src\\components\\styles\\BottomBtn.styles.js","statementMap":{},"fnMap":{},"branchMap":{},"s":{},"f":{},"b":{},"_coverageSchema":"43e27e138ebf9cfc5966b082cf9a028302ed4184","hash":"3e04d1d0a8c681f6aa2716a952a8a4f7666e5b98"}
,"C:\\Users\\standley.eugene\\Documents\\GitHub\\capstoneSweng894\\src\\components\\styles\\ClearBtnSty.styles.js": {"path":"C:\\Users\\standley.eugene\\Documents\\GitHub\\capstoneSweng894\\src\\components\\styles\\ClearBtnSty.styles.js","statementMap":{},"fnMap":{},"branchMap":{},"s":{},"f":{},"b":{},"_coverageSchema":"43e27e138ebf9cfc5966b082cf9a028302ed4184","hash":"54f6168d7b1bfbfeca822f12054321854dfded09"}
,"C:\\Users\\standley.eugene\\Documents\\GitHub\\capstoneSweng894\\src\\components\\styles\\DeleteProfileBtn.js": {"path":"C:\\Users\\standley.eugene\\Documents\\GitHub\\capstoneSweng894\\src\\components\\styles\\DeleteProfileBtn.js","statementMap":{},"fnMap":{},"branchMap":{},"s":{},"f":{},"b":{},"_coverageSchema":"43e27e138ebf9cfc5966b082cf9a028302ed4184","hash":"98921b044438bceaa878ce1cbab1734c6a0a0ed6"}
,"C:\\Users\\standley.eugene\\Documents\\GitHub\\capstoneSweng894\\src\\components\\styles\\ErrorText.styles.js": {"path":"C:\\Users\\standley.eugene\\Documents\\GitHub\\capstoneSweng894\\src\\components\\styles\\ErrorText.styles.js","statementMap":{},"fnMap":{},"branchMap":{},"s":{},"f":{},"b":{},"_coverageSchema":"43e27e138ebf9cfc5966b082cf9a028302ed4184","hash":"c845472f4aea035e37cba6a314fcf24fd2dc936d"}
,"C:\\Users\\standley.eugene\\Documents\\GitHub\\capstoneSweng894\\src\\components\\styles\\General.styles.js": {"path":"C:\\Users\\standley.eugene\\Documents\\GitHub\\capstoneSweng894\\src\\components\\styles\\General.styles.js","statementMap":{},"fnMap":{},"branchMap":{},"s":{},"f":{},"b":{},"hash":"050bb5dc59f08b5df44ff646766c07d3e1f10464"}
,"C:\\Users\\standley.eugene\\Documents\\GitHub\\capstoneSweng894\\src\\components\\styles\\LogInBtn.styles.js": {"path":"C:\\Users\\standley.eugene\\Documents\\GitHub\\capstoneSweng894\\src\\components\\styles\\LogInBtn.styles.js","statementMap":{},"fnMap":{},"branchMap":{},"s":{},"f":{},"b":{},"_coverageSchema":"43e27e138ebf9cfc5966b082cf9a028302ed4184","hash":"f06f40a54385cfedef5eb77595656067ed22d4c4"}
,"C:\\Users\\standley.eugene\\Documents\\GitHub\\capstoneSweng894\\src\\components\\styles\\PrefChoice.styles.js": {"path":"C:\\Users\\standley.eugene\\Documents\\GitHub\\capstoneSweng894\\src\\components\\styles\\PrefChoice.styles.js","statementMap":{},"fnMap":{},"branchMap":{},"s":{},"f":{},"b":{},"_coverageSchema":"43e27e138ebf9cfc5966b082cf9a028302ed4184","hash":"bea8244ccc01684956a832a61a185571bdead5ca"}
,"C:\\Users\\standley.eugene\\Documents\\GitHub\\capstoneSweng894\\src\\components\\styles\\PrefResult.styles.js": {"path":"C:\\Users\\standley.eugene\\Documents\\GitHub\\capstoneSweng894\\src\\components\\styles\\PrefResult.styles.js","statementMap":{},"fnMap":{},"branchMap":{},"s":{},"f":{},"b":{},"_coverageSchema":"43e27e138ebf9cfc5966b082cf9a028302ed4184","hash":"ad98d88e1f22bfae613f4ca68a92a9fe2096885c"}
,"C:\\Users\\standley.eugene\\Documents\\GitHub\\capstoneSweng894\\src\\components\\styles\\PrefTop.styles.js": {"path":"C:\\Users\\standley.eugene\\Documents\\GitHub\\capstoneSweng894\\src\\components\\styles\\PrefTop.styles.js","statementMap":{},"fnMap":{},"branchMap":{},"s":{},"f":{},"b":{},"_coverageSchema":"43e27e138ebf9cfc5966b082cf9a028302ed4184","hash":"6d6f90a94f7681ab11577e05bc6f818a86e6fae3"}
,"C:\\Users\\standley.eugene\\Documents\\GitHub\\capstoneSweng894\\src\\components\\styles\\SignUpBtn.styles.js": {"path":"C:\\Users\\standley.eugene\\Documents\\GitHub\\capstoneSweng894\\src\\components\\styles\\SignUpBtn.styles.js","statementMap":{},"fnMap":{},"branchMap":{},"s":{},"f":{},"b":{},"hash":"cb421fe2fd464d29403ad147157b95c9041e88fd"}
,"C:\\Users\\standley.eugene\\Documents\\GitHub\\capstoneSweng894\\src\\components\\styles\\SkipNav.styles.js": {"path":"C:\\Users\\standley.eugene\\Documents\\GitHub\\capstoneSweng894\\src\\components\\styles\\SkipNav.styles.js","statementMap":{},"fnMap":{},"branchMap":{},"s":{},"f":{},"b":{},"_coverageSchema":"43e27e138ebf9cfc5966b082cf9a028302ed4184","hash":"f8d158c3e0ef844b3efc54148aaffb5fc29d2692"}
,"C:\\Users\\standley.eugene\\Documents\\GitHub\\capstoneSweng894\\src\\components\\styles\\index.js": {"path":"C:\\Users\\standley.eugene\\Documents\\GitHub\\capstoneSweng894\\src\\components\\styles\\index.js","statementMap":{},"fnMap":{},"branchMap":{},"s":{},"f":{},"b":{},"hash":"0e9d56b6a33b26d2f45a9a72dff608b4c7363b5b"}
,"C:\\Users\\standley.eugene\\Documents\\GitHub\\capstoneSweng894\\src\\config\\firebaseConfig.js": {"path":"C:\\Users\\standley.eugene\\Documents\\GitHub\\capstoneSweng894\\src\\config\\firebaseConfig.js","statementMap":{},"fnMap":{},"branchMap":{},"s":{},"f":{},"b":{},"hash":"a6e5168aaeb2f881b7a99793af86acbd74e56def"}
,"C:\\Users\\standley.eugene\\Documents\\GitHub\\capstoneSweng894\\src\\constant\\index.js": {"path":"C:\\Users\\standley.eugene\\Documents\\GitHub\\capstoneSweng894\\src\\constant\\index.js","statementMap":{"0":{"start":{"line":1,"column":22},"end":{"line":5,"column":1}},"1":{"start":{"line":7,"column":25},"end":{"line":244,"column":1}},"2":{"start":{"line":246,"column":20},"end":{"line":250,"column":1}},"3":{"start":{"line":252,"column":19},"end":{"line":282,"column":1}},"4":{"start":{"line":284,"column":31},"end":{"line":313,"column":1}}},"fnMap":{},"branchMap":{},"s":{"0":1,"1":1,"2":1,"3":1,"4":1},"f":{},"b":{},"_coverageSchema":"43e27e138ebf9cfc5966b082cf9a028302ed4184","hash":"4f510b224e6c067fe050a24aac27a5de16991560"}
,"C:\\Users\\standley.eugene\\Documents\\GitHub\\capstoneSweng894\\src\\navigation\\custom\\AppMenu.js": {"path":"C:\\Users\\standley.eugene\\Documents\\GitHub\\capstoneSweng894\\src\\navigation\\custom\\AppMenu.js","statementMap":{"0":{"start":{"line":8,"column":23},"end":{"line":14,"column":5}},"1":{"start":{"line":8,"column":34},"end":{"line":14,"column":5}},"2":{"start":{"line":9,"column":31},"end":{"line":11,"column":10}},"3":{"start":{"line":13,"column":8},"end":{"line":13,"column":54}},"4":{"start":{"line":17,"column":8},"end":{"line":41,"column":9}}},"fnMap":{"0":{"name":"(anonymous_0)","decl":{"start":{"line":8,"column":23},"end":{"line":8,"column":24}},"loc":{"start":{"line":8,"column":34},"end":{"line":14,"column":5}},"line":8},"1":{"name":"(anonymous_1)","decl":{"start":{"line":8,"column":34},"end":{"line":8,"column":35}},"loc":{"start":{"line":8,"column":40},"end":{"line":14,"column":5}},"line":8},"2":{"name":"(anonymous_2)","decl":{"start":{"line":16,"column":4},"end":{"line":16,"column":5}},"loc":{"start":{"line":16,"column":12},"end":{"line":42,"column":5}},"line":16}},"branchMap":{},"s":{"0":0,"1":0,"2":0,"3":0,"4":0},"f":{"0":0,"1":0,"2":0},"b":{},"hash":"09ef2a09ba9c614fd5bc63924f7eccc6f82739a4"}
,"C:\\Users\\standley.eugene\\Documents\\GitHub\\capstoneSweng894\\src\\navigation\\custom\\AppMenu.style.js": {"path":"C:\\Users\\standley.eugene\\Documents\\GitHub\\capstoneSweng894\\src\\navigation\\custom\\AppMenu.style.js","statementMap":{},"fnMap":{},"branchMap":{},"s":{},"f":{},"b":{},"hash":"ff65d7dec17b809c7bf6980c399fadc44dae43ec"}
,"C:\\Users\\standley.eugene\\Documents\\GitHub\\capstoneSweng894\\src\\navigation\\navButtons\\LogOutNav.js": {"path":"C:\\Users\\standley.eugene\\Documents\\GitHub\\capstoneSweng894\\src\\navigation\\navButtons\\LogOutNav.js","statementMap":{"0":{"start":{"line":11,"column":23},"end":{"line":17,"column":5}},"1":{"start":{"line":11,"column":34},"end":{"line":17,"column":5}},"2":{"start":{"line":12,"column":31},"end":{"line":14,"column":10}},"3":{"start":{"line":16,"column":8},"end":{"line":16,"column":54}},"4":{"start":{"line":20,"column":8},"end":{"line":20,"column":50}},"5":{"start":{"line":21,"column":8},"end":{"line":21,"column":28}},"6":{"start":{"line":22,"column":8},"end":{"line":22,"column":38}},"7":{"start":{"line":26,"column":8},"end":{"line":26,"column":46}},"8":{"start":{"line":30,"column":8},"end":{"line":39,"column":9}},"9":{"start":{"line":31,"column":12},"end":{"line":36,"column":18}},"10":{"start":{"line":34,"column":20},"end":{"line":34,"column":39}},"11":{"start":{"line":35,"column":20},"end":{"line":35,"column":43}},"12":{"start":{"line":38,"column":12},"end":{"line":38,"column":35}},"13":{"start":{"line":43,"column":8},"end":{"line":52,"column":9}},"14":{"start":{"line":48,"column":35},"end":{"line":48,"column":51}}},"fnMap":{"0":{"name":"(anonymous_0)","decl":{"start":{"line":11,"column":23},"end":{"line":11,"column":24}},"loc":{"start":{"line":11,"column":34},"end":{"line":17,"column":5}},"line":11},"1":{"name":"(anonymous_1)","decl":{"start":{"line":11,"column":34},"end":{"line":11,"column":35}},"loc":{"start":{"line":11,"column":40},"end":{"line":17,"column":5}},"line":11},"2":{"name":"(anonymous_2)","decl":{"start":{"line":19,"column":4},"end":{"line":19,"column":5}},"loc":{"start":{"line":19,"column":25},"end":{"line":23,"column":5}},"line":19},"3":{"name":"(anonymous_3)","decl":{"start":{"line":25,"column":4},"end":{"line":25,"column":5}},"loc":{"start":{"line":25,"column":22},"end":{"line":27,"column":5}},"line":25},"4":{"name":"(anonymous_4)","decl":{"start":{"line":29,"column":4},"end":{"line":29,"column":5}},"loc":{"start":{"line":29,"column":15},"end":{"line":40,"column":5}},"line":29},"5":{"name":"(anonymous_5)","decl":{"start":{"line":33,"column":23},"end":{"line":33,"column":24}},"loc":{"start":{"line":33,"column":34},"end":{"line":36,"column":17}},"line":33},"6":{"name":"(anonymous_6)","decl":{"start":{"line":42,"column":4},"end":{"line":42,"column":5}},"loc":{"start":{"line":42,"column":12},"end":{"line":53,"column":5}},"line":42},"7":{"name":"(anonymous_7)","decl":{"start":{"line":48,"column":29},"end":{"line":48,"column":30}},"loc":{"start":{"line":48,"column":35},"end":{"line":48,"column":51}},"line":48}},"branchMap":{},"s":{"0":0,"1":0,"2":0,"3":0,"4":0,"5":0,"6":0,"7":0,"8":0,"9":0,"10":0,"11":0,"12":0,"13":0,"14":0},"f":{"0":0,"1":0,"2":0,"3":0,"4":0,"5":0,"6":0,"7":0},"b":{},"_coverageSchema":"43e27e138ebf9cfc5966b082cf9a028302ed4184","hash":"a3b9233ca85cfce450270d7bad78437046f75493"}
,"C:\\Users\\standley.eugene\\Documents\\GitHub\\capstoneSweng894\\src\\navigation\\navButtons\\LogoNav.js": {"path":"C:\\Users\\standley.eugene\\Documents\\GitHub\\capstoneSweng894\\src\\navigation\\navButtons\\LogoNav.js","statementMap":{"0":{"start":{"line":9,"column":23},"end":{"line":15,"column":5}},"1":{"start":{"line":9,"column":34},"end":{"line":15,"column":5}},"2":{"start":{"line":10,"column":31},"end":{"line":12,"column":10}},"3":{"start":{"line":14,"column":8},"end":{"line":14,"column":54}},"4":{"start":{"line":18,"column":8},"end":{"line":23,"column":9}},"5":{"start":{"line":20,"column":31},"end":{"line":20,"column":60}}},"fnMap":{"0":{"name":"(anonymous_0)","decl":{"start":{"line":9,"column":23},"end":{"line":9,"column":24}},"loc":{"start":{"line":9,"column":34},"end":{"line":15,"column":5}},"line":9},"1":{"name":"(anonymous_1)","decl":{"start":{"line":9,"column":34},"end":{"line":9,"column":35}},"loc":{"start":{"line":9,"column":40},"end":{"line":15,"column":5}},"line":9},"2":{"name":"(anonymous_2)","decl":{"start":{"line":17,"column":4},"end":{"line":17,"column":5}},"loc":{"start":{"line":17,"column":12},"end":{"line":24,"column":5}},"line":17},"3":{"name":"(anonymous_3)","decl":{"start":{"line":20,"column":25},"end":{"line":20,"column":26}},"loc":{"start":{"line":20,"column":31},"end":{"line":20,"column":60}},"line":20}},"branchMap":{},"s":{"0":0,"1":0,"2":0,"3":0,"4":0,"5":0},"f":{"0":0,"1":0,"2":0,"3":0},"b":{},"_coverageSchema":"43e27e138ebf9cfc5966b082cf9a028302ed4184","hash":"57b50a6695e07ec0484df567a244923359b1d716"}
,"C:\\Users\\standley.eugene\\Documents\\GitHub\\capstoneSweng894\\src\\navigation\\navButtons\\index.js": {"path":"C:\\Users\\standley.eugene\\Documents\\GitHub\\capstoneSweng894\\src\\navigation\\navButtons\\index.js","statementMap":{},"fnMap":{},"branchMap":{},"s":{},"f":{},"b":{},"_coverageSchema":"43e27e138ebf9cfc5966b082cf9a028302ed4184","hash":"ce7d66358f00f33dc29e5edc36769e27ed818802"}
,"C:\\Users\\standley.eugene\\Documents\\GitHub\\capstoneSweng894\\src\\navigation\\stack\\RootStack.js": {"path":"C:\\Users\\standley.eugene\\Documents\\GitHub\\capstoneSweng894\\src\\navigation\\stack\\RootStack.js","statementMap":{"0":{"start":{"line":17,"column":18},"end":{"line":31,"column":1}}},"fnMap":{},"branchMap":{},"s":{"0":1},"f":{},"b":{},"_coverageSchema":"43e27e138ebf9cfc5966b082cf9a028302ed4184","hash":"b50a2f7d4d31e3eb3e7a76ca64af08c571763b47"}
,"C:\\Users\\standley.eugene\\Documents\\GitHub\\capstoneSweng894\\src\\navigation\\stack\\account\\AuthNavigator.js": {"path":"C:\\Users\\standley.eugene\\Documents\\GitHub\\capstoneSweng894\\src\\navigation\\stack\\account\\AuthNavigator.js","statementMap":{"0":{"start":{"line":14,"column":22},"end":{"line":29,"column":1}}},"fnMap":{},"branchMap":{},"s":{"0":1},"f":{},"b":{},"_coverageSchema":"43e27e138ebf9cfc5966b082cf9a028302ed4184","hash":"c2c476e2772da3dea95f87e4840bdeb93ad416cc"}
,"C:\\Users\\standley.eugene\\Documents\\GitHub\\capstoneSweng894\\src\\navigation\\stack\\account\\ProfileNavigator.js": {"path":"C:\\Users\\standley.eugene\\Documents\\GitHub\\capstoneSweng894\\src\\navigation\\stack\\account\\ProfileNavigator.js","statementMap":{"0":{"start":{"line":13,"column":25},"end":{"line":22,"column":1}}},"fnMap":{},"branchMap":{},"s":{"0":1},"f":{},"b":{},"_coverageSchema":"43e27e138ebf9cfc5966b082cf9a028302ed4184","hash":"8c9ad5682bdf29af5dcb8c6cac8eccbb63fa4942"}
,"C:\\Users\\standley.eugene\\Documents\\GitHub\\capstoneSweng894\\src\\navigation\\stack\\account\\ProfilePrefNavigator.js": {"path":"C:\\Users\\standley.eugene\\Documents\\GitHub\\capstoneSweng894\\src\\navigation\\stack\\account\\ProfilePrefNavigator.js","statementMap":{"0":{"start":{"line":10,"column":29},"end":{"line":19,"column":1}}},"fnMap":{},"branchMap":{},"s":{"0":1},"f":{},"b":{},"_coverageSchema":"43e27e138ebf9cfc5966b082cf9a028302ed4184","hash":"85c4b18c1216010c7d8ca90a12ae3a8151ce7a36"}
,"C:\\Users\\standley.eugene\\Documents\\GitHub\\capstoneSweng894\\src\\navigation\\stack\\account\\SettingPrefNavigator.js": {"path":"C:\\Users\\standley.eugene\\Documents\\GitHub\\capstoneSweng894\\src\\navigation\\stack\\account\\SettingPrefNavigator.js","statementMap":{"0":{"start":{"line":11,"column":29},"end":{"line":20,"column":1}}},"fnMap":{},"branchMap":{},"s":{"0":1},"f":{},"b":{},"_coverageSchema":"43e27e138ebf9cfc5966b082cf9a028302ed4184","hash":"a3a4583b1251bae130707007aff474b4d7a4b168"}
,"C:\\Users\\standley.eugene\\Documents\\GitHub\\capstoneSweng894\\src\\navigation\\stack\\appointment\\AppointmentNavigator.js": {"path":"C:\\Users\\standley.eugene\\Documents\\GitHub\\capstoneSweng894\\src\\navigation\\stack\\appointment\\AppointmentNavigator.js","statementMap":{"0":{"start":{"line":15,"column":29},"end":{"line":26,"column":1}}},"fnMap":{},"branchMap":{},"s":{"0":1},"f":{},"b":{},"_coverageSchema":"43e27e138ebf9cfc5966b082cf9a028302ed4184","hash":"ade4214b00a20689a40e5e4cbc1c1289399a38a7"}
,"C:\\Users\\standley.eugene\\Documents\\GitHub\\capstoneSweng894\\src\\navigation\\stack\\appointment\\CreateAppointmentNavigator.js": {"path":"C:\\Users\\standley.eugene\\Documents\\GitHub\\capstoneSweng894\\src\\navigation\\stack\\appointment\\CreateAppointmentNavigator.js","statementMap":{"0":{"start":{"line":10,"column":35},"end":{"line":19,"column":1}}},"fnMap":{},"branchMap":{},"s":{"0":1},"f":{},"b":{},"_coverageSchema":"43e27e138ebf9cfc5966b082cf9a028302ed4184","hash":"5f0fde488e4a50f70b954de5f316e8270cae421f"}
,"C:\\Users\\standley.eugene\\Documents\\GitHub\\capstoneSweng894\\src\\navigation\\stack\\general\\AppTab.js": {"path":"C:\\Users\\standley.eugene\\Documents\\GitHub\\capstoneSweng894\\src\\navigation\\stack\\general\\AppTab.js","statementMap":{"0":{"start":{"line":16,"column":15},"end":{"line":61,"column":1}},"1":{"start":{"line":23,"column":20},"end":{"line":27,"column":22}},"2":{"start":{"line":36,"column":20},"end":{"line":40,"column":22}},"3":{"start":{"line":49,"column":20},"end":{"line":53,"column":22}}},"fnMap":{"0":{"name":"(anonymous_0)","decl":{"start":{"line":22,"column":28},"end":{"line":22,"column":29}},"loc":{"start":{"line":22,"column":47},"end":{"line":28,"column":17}},"line":22},"1":{"name":"(anonymous_1)","decl":{"start":{"line":35,"column":28},"end":{"line":35,"column":29}},"loc":{"start":{"line":35,"column":47},"end":{"line":41,"column":17}},"line":35},"2":{"name":"(anonymous_2)","decl":{"start":{"line":48,"column":28},"end":{"line":48,"column":29}},"loc":{"start":{"line":48,"column":46},"end":{"line":54,"column":17}},"line":48}},"branchMap":{},"s":{"0":1,"1":0,"2":0,"3":0},"f":{"0":0,"1":0,"2":0},"b":{},"_coverageSchema":"43e27e138ebf9cfc5966b082cf9a028302ed4184","hash":"c8c68c60ffa780a0af2ce520e25515bcf25c1ce1"}
,"C:\\Users\\standley.eugene\\Documents\\GitHub\\capstoneSweng894\\src\\navigation\\styles\\LogOutNav.styles.js": {"path":"C:\\Users\\standley.eugene\\Documents\\GitHub\\capstoneSweng894\\src\\navigation\\styles\\LogOutNav.styles.js","statementMap":{},"fnMap":{},"branchMap":{},"s":{},"f":{},"b":{},"_coverageSchema":"43e27e138ebf9cfc5966b082cf9a028302ed4184","hash":"7040beda446b9d8def461744b41132be007a4f6e"}
,"C:\\Users\\standley.eugene\\Documents\\GitHub\\capstoneSweng894\\src\\page\\account\\ForgotPassword.js": {"path":"C:\\Users\\standley.eugene\\Documents\\GitHub\\capstoneSweng894\\src\\page\\account\\ForgotPassword.js","statementMap":{"0":{"start":{"line":9,"column":8},"end":{"line":11,"column":9}}},"fnMap":{"0":{"name":"(anonymous_0)","decl":{"start":{"line":8,"column":4},"end":{"line":8,"column":5}},"loc":{"start":{"line":8,"column":12},"end":{"line":12,"column":5}},"line":8}},"branchMap":{},"s":{"0":0},"f":{"0":0},"b":{},"_coverageSchema":"43e27e138ebf9cfc5966b082cf9a028302ed4184","hash":"353c0f68a6f0256ebdbf667863d09cee71be03a5"}
,"C:\\Users\\standley.eugene\\Documents\\GitHub\\capstoneSweng894\\src\\page\\account\\LogInEmail.js": {"path":"C:\\Users\\standley.eugene\\Documents\\GitHub\\capstoneSweng894\\src\\page\\account\\LogInEmail.js","statementMap":{"0":{"start":{"line":14,"column":8},"end":{"line":14,"column":20}},"1":{"start":{"line":16,"column":8},"end":{"line":24,"column":9}},"2":{"start":{"line":26,"column":8},"end":{"line":26,"column":60}},"3":{"start":{"line":27,"column":8},"end":{"line":27,"column":66}},"4":{"start":{"line":28,"column":8},"end":{"line":28,"column":64}},"5":{"start":{"line":29,"column":8},"end":{"line":29,"column":62}},"6":{"start":{"line":30,"column":8},"end":{"line":30,"column":64}},"7":{"start":{"line":31,"column":8},"end":{"line":31,"column":58}},"8":{"start":{"line":32,"column":8},"end":{"line":32,"column":56}},"9":{"start":{"line":36,"column":8},"end":{"line":55,"column":9}},"10":{"start":{"line":42,"column":38},"end":{"line":42,"column":62}},"11":{"start":{"line":45,"column":44},"end":{"line":45,"column":75}},"12":{"start":{"line":48,"column":37},"end":{"line":48,"column":60}},"13":{"start":{"line":50,"column":37},"end":{"line":50,"column":85}},"14":{"start":{"line":52,"column":49},"end":{"line":52,"column":73}},"15":{"start":{"line":59,"column":27},"end":{"line":63,"column":1}},"16":{"start":{"line":60,"column":4},"end":{"line":62,"column":5}},"17":{"start":{"line":61,"column":27},"end":{"line":61,"column":50}}},"fnMap":{"0":{"name":"(anonymous_0)","decl":{"start":{"line":13,"column":4},"end":{"line":13,"column":5}},"loc":{"start":{"line":13,"column":22},"end":{"line":33,"column":6}},"line":13},"1":{"name":"(anonymous_1)","decl":{"start":{"line":35,"column":4},"end":{"line":35,"column":5}},"loc":{"start":{"line":35,"column":12},"end":{"line":56,"column":5}},"line":35},"2":{"name":"(anonymous_2)","decl":{"start":{"line":42,"column":29},"end":{"line":42,"column":30}},"loc":{"start":{"line":42,"column":38},"end":{"line":42,"column":62}},"line":42},"3":{"name":"(anonymous_3)","decl":{"start":{"line":45,"column":32},"end":{"line":45,"column":33}},"loc":{"start":{"line":45,"column":44},"end":{"line":45,"column":75}},"line":45},"4":{"name":"(anonymous_4)","decl":{"start":{"line":48,"column":31},"end":{"line":48,"column":32}},"loc":{"start":{"line":48,"column":37},"end":{"line":48,"column":60}},"line":48},"5":{"name":"(anonymous_5)","decl":{"start":{"line":50,"column":31},"end":{"line":50,"column":32}},"loc":{"start":{"line":50,"column":37},"end":{"line":50,"column":85}},"line":50},"6":{"name":"(anonymous_6)","decl":{"start":{"line":52,"column":43},"end":{"line":52,"column":44}},"loc":{"start":{"line":52,"column":49},"end":{"line":52,"column":73}},"line":52},"7":{"name":"(anonymous_7)","decl":{"start":{"line":59,"column":27},"end":{"line":59,"column":28}},"loc":{"start":{"line":59,"column":41},"end":{"line":63,"column":1}},"line":59},"8":{"name":"(anonymous_8)","decl":{"start":{"line":61,"column":17},"end":{"line":61,"column":18}},"loc":{"start":{"line":61,"column":27},"end":{"line":61,"column":50}},"line":61}},"branchMap":{},"s":{"0":0,"1":0,"2":0,"3":0,"4":0,"5":0,"6":0,"7":0,"8":0,"9":0,"10":0,"11":0,"12":0,"13":0,"14":0,"15":1,"16":0,"17":0},"f":{"0":0,"1":0,"2":0,"3":0,"4":0,"5":0,"6":0,"7":0,"8":0},"b":{},"_coverageSchema":"43e27e138ebf9cfc5966b082cf9a028302ed4184","hash":"d0952fbc6a1ee718198638c7beecdbe6c8af0f13"}
,"C:\\Users\\standley.eugene\\Documents\\GitHub\\capstoneSweng894\\src\\page\\account\\LogInOptions.js": {"path":"C:\\Users\\standley.eugene\\Documents\\GitHub\\capstoneSweng894\\src\\page\\account\\LogInOptions.js","statementMap":{"0":{"start":{"line":15,"column":8},"end":{"line":41,"column":9}},"1":{"start":{"line":25,"column":38},"end":{"line":25,"column":88}},"2":{"start":{"line":33,"column":39},"end":{"line":33,"column":79}}},"fnMap":{"0":{"name":"(anonymous_0)","decl":{"start":{"line":14,"column":4},"end":{"line":14,"column":5}},"loc":{"start":{"line":14,"column":12},"end":{"line":42,"column":5}},"line":14},"1":{"name":"(anonymous_1)","decl":{"start":{"line":25,"column":32},"end":{"line":25,"column":33}},"loc":{"start":{"line":25,"column":38},"end":{"line":25,"column":88}},"line":25},"2":{"name":"(anonymous_2)","decl":{"start":{"line":33,"column":33},"end":{"line":33,"column":34}},"loc":{"start":{"line":33,"column":39},"end":{"line":33,"column":79}},"line":33}},"branchMap":{},"s":{"0":1,"1":0,"2":0},"f":{"0":1,"1":0,"2":0},"b":{},"_coverageSchema":"43e27e138ebf9cfc5966b082cf9a028302ed4184","hash":"ee9dca1d60f29399cbbee681c9613568d214d66f"}
,"C:\\Users\\standley.eugene\\Documents\\GitHub\\capstoneSweng894\\src\\page\\account\\Profile.js": {"path":"C:\\Users\\standley.eugene\\Documents\\GitHub\\capstoneSweng894\\src\\page\\account\\Profile.js","statementMap":{"0":{"start":{"line":18,"column":8},"end":{"line":18,"column":20}},"1":{"start":{"line":20,"column":8},"end":{"line":53,"column":9}},"2":{"start":{"line":55,"column":8},"end":{"line":55,"column":60}},"3":{"start":{"line":56,"column":8},"end":{"line":56,"column":66}},"4":{"start":{"line":57,"column":8},"end":{"line":57,"column":68}},"5":{"start":{"line":58,"column":8},"end":{"line":58,"column":66}},"6":{"start":{"line":59,"column":8},"end":{"line":59,"column":68}},"7":{"start":{"line":60,"column":8},"end":{"line":60,"column":58}},"8":{"start":{"line":61,"column":8},"end":{"line":61,"column":62}},"9":{"start":{"line":62,"column":8},"end":{"line":62,"column":70}},"10":{"start":{"line":63,"column":8},"end":{"line":63,"column":62}},"11":{"start":{"line":64,"column":8},"end":{"line":64,"column":58}},"12":{"start":{"line":65,"column":8},"end":{"line":65,"column":60}},"13":{"start":{"line":66,"column":8},"end":{"line":66,"column":56}},"14":{"start":{"line":68,"column":8},"end":{"line":68,"column":64}},"15":{"start":{"line":69,"column":8},"end":{"line":69,"column":78}},"16":{"start":{"line":70,"column":8},"end":{"line":70,"column":78}},"17":{"start":{"line":71,"column":8},"end":{"line":71,"column":78}},"18":{"start":{"line":72,"column":8},"end":{"line":72,"column":82}},"19":{"start":{"line":73,"column":8},"end":{"line":73,"column":70}},"20":{"start":{"line":74,"column":8},"end":{"line":74,"column":60}},"21":{"start":{"line":75,"column":8},"end":{"line":75,"column":54}},"22":{"start":{"line":76,"column":8},"end":{"line":76,"column":60}},"23":{"start":{"line":77,"column":8},"end":{"line":77,"column":72}},"24":{"start":{"line":81,"column":8},"end":{"line":81,"column":24}},"25":{"start":{"line":85,"column":8},"end":{"line":87,"column":9}},"26":{"start":{"line":86,"column":12},"end":{"line":86,"column":43}},"27":{"start":{"line":89,"column":8},"end":{"line":141,"column":9}},"28":{"start":{"line":92,"column":37},"end":{"line":92,"column":53}},"29":{"start":{"line":99,"column":54},"end":{"line":99,"column":87}},"30":{"start":{"line":102,"column":52},"end":{"line":102,"column":83}},"31":{"start":{"line":105,"column":46},"end":{"line":105,"column":71}},"32":{"start":{"line":108,"column":52},"end":{"line":108,"column":83}},"33":{"start":{"line":111,"column":54},"end":{"line":111,"column":87}},"34":{"start":{"line":114,"column":42},"end":{"line":114,"column":64}},"35":{"start":{"line":117,"column":48},"end":{"line":117,"column":75}},"36":{"start":{"line":120,"column":50},"end":{"line":120,"column":77}},"37":{"start":{"line":123,"column":44},"end":{"line":123,"column":67}},"38":{"start":{"line":126,"column":47},"end":{"line":126,"column":73}},"39":{"start":{"line":129,"column":42},"end":{"line":129,"column":63}},"40":{"start":{"line":132,"column":53},"end":{"line":132,"column":87}},"41":{"start":{"line":135,"column":40},"end":{"line":135,"column":68}},"42":{"start":{"line":136,"column":40},"end":{"line":136,"column":68}},"43":{"start":{"line":137,"column":38},"end":{"line":137,"column":63}},"44":{"start":{"line":145,"column":24},"end":{"line":151,"column":1}},"45":{"start":{"line":147,"column":4},"end":{"line":150,"column":5}},"46":{"start":{"line":153,"column":27},"end":{"line":158,"column":1}},"47":{"start":{"line":154,"column":4},"end":{"line":157,"column":5}},"48":{"start":{"line":155,"column":35},"end":{"line":155,"column":77}},"49":{"start":{"line":156,"column":30},"end":{"line":156,"column":64}}},"fnMap":{"0":{"name":"(anonymous_0)","decl":{"start":{"line":17,"column":4},"end":{"line":17,"column":5}},"loc":{"start":{"line":17,"column":22},"end":{"line":78,"column":5}},"line":17},"1":{"name":"(anonymous_1)","decl":{"start":{"line":80,"column":4},"end":{"line":80,"column":5}},"loc":{"start":{"line":80,"column":29},"end":{"line":82,"column":5}},"line":80},"2":{"name":"(anonymous_2)","decl":{"start":{"line":84,"column":4},"end":{"line":84,"column":5}},"loc":{"start":{"line":84,"column":12},"end":{"line":142,"column":5}},"line":84},"3":{"name":"(anonymous_3)","decl":{"start":{"line":92,"column":31},"end":{"line":92,"column":32}},"loc":{"start":{"line":92,"column":37},"end":{"line":92,"column":53}},"line":92},"4":{"name":"(anonymous_4)","decl":{"start":{"line":99,"column":41},"end":{"line":99,"column":42}},"loc":{"start":{"line":99,"column":54},"end":{"line":99,"column":87}},"line":99},"5":{"name":"(anonymous_5)","decl":{"start":{"line":102,"column":40},"end":{"line":102,"column":41}},"loc":{"start":{"line":102,"column":52},"end":{"line":102,"column":83}},"line":102},"6":{"name":"(anonymous_6)","decl":{"start":{"line":105,"column":37},"end":{"line":105,"column":38}},"loc":{"start":{"line":105,"column":46},"end":{"line":105,"column":71}},"line":105},"7":{"name":"(anonymous_7)","decl":{"start":{"line":108,"column":40},"end":{"line":108,"column":41}},"loc":{"start":{"line":108,"column":52},"end":{"line":108,"column":83}},"line":108},"8":{"name":"(anonymous_8)","decl":{"start":{"line":111,"column":41},"end":{"line":111,"column":42}},"loc":{"start":{"line":111,"column":54},"end":{"line":111,"column":87}},"line":111},"9":{"name":"(anonymous_9)","decl":{"start":{"line":114,"column":35},"end":{"line":114,"column":36}},"loc":{"start":{"line":114,"column":42},"end":{"line":114,"column":64}},"line":114},"10":{"name":"(anonymous_10)","decl":{"start":{"line":117,"column":38},"end":{"line":117,"column":39}},"loc":{"start":{"line":117,"column":48},"end":{"line":117,"column":75}},"line":117},"11":{"name":"(anonymous_11)","decl":{"start":{"line":120,"column":40},"end":{"line":120,"column":41}},"loc":{"start":{"line":120,"column":50},"end":{"line":120,"column":77}},"line":120},"12":{"name":"(anonymous_12)","decl":{"start":{"line":123,"column":36},"end":{"line":123,"column":37}},"loc":{"start":{"line":123,"column":44},"end":{"line":123,"column":67}},"line":123},"13":{"name":"(anonymous_13)","decl":{"start":{"line":126,"column":37},"end":{"line":126,"column":38}},"loc":{"start":{"line":126,"column":47},"end":{"line":126,"column":73}},"line":126},"14":{"name":"(anonymous_14)","decl":{"start":{"line":129,"column":35},"end":{"line":129,"column":36}},"loc":{"start":{"line":129,"column":42},"end":{"line":129,"column":63}},"line":129},"15":{"name":"(anonymous_15)","decl":{"start":{"line":132,"column":40},"end":{"line":132,"column":41}},"loc":{"start":{"line":132,"column":53},"end":{"line":132,"column":87}},"line":132},"16":{"name":"(anonymous_16)","decl":{"start":{"line":135,"column":34},"end":{"line":135,"column":35}},"loc":{"start":{"line":135,"column":40},"end":{"line":135,"column":68}},"line":135},"17":{"name":"(anonymous_17)","decl":{"start":{"line":136,"column":34},"end":{"line":136,"column":35}},"loc":{"start":{"line":136,"column":40},"end":{"line":136,"column":68}},"line":136},"18":{"name":"(anonymous_18)","decl":{"start":{"line":137,"column":32},"end":{"line":137,"column":33}},"loc":{"start":{"line":137,"column":38},"end":{"line":137,"column":63}},"line":137},"19":{"name":"(anonymous_19)","decl":{"start":{"line":145,"column":24},"end":{"line":145,"column":25}},"loc":{"start":{"line":145,"column":35},"end":{"line":151,"column":1}},"line":145},"20":{"name":"(anonymous_20)","decl":{"start":{"line":153,"column":27},"end":{"line":153,"column":28}},"loc":{"start":{"line":153,"column":41},"end":{"line":158,"column":1}},"line":153},"21":{"name":"(anonymous_21)","decl":{"start":{"line":155,"column":23},"end":{"line":155,"column":24}},"loc":{"start":{"line":155,"column":35},"end":{"line":155,"column":77}},"line":155},"22":{"name":"(anonymous_22)","decl":{"start":{"line":156,"column":20},"end":{"line":156,"column":21}},"loc":{"start":{"line":156,"column":30},"end":{"line":156,"column":64}},"line":156}},"branchMap":{"0":{"loc":{"start":{"line":85,"column":8},"end":{"line":87,"column":9}},"type":"if","locations":[{"start":{"line":85,"column":8},"end":{"line":87,"column":9}},{"start":{"line":85,"column":8},"end":{"line":87,"column":9}}],"line":85}},"s":{"0":0,"1":0,"2":0,"3":0,"4":0,"5":0,"6":0,"7":0,"8":0,"9":0,"10":0,"11":0,"12":0,"13":0,"14":0,"15":0,"16":0,"17":0,"18":0,"19":0,"20":0,"21":0,"22":0,"23":0,"24":0,"25":0,"26":0,"27":0,"28":0,"29":0,"30":0,"31":0,"32":0,"33":0,"34":0,"35":0,"36":0,"37":0,"38":0,"39":0,"40":0,"41":0,"42":0,"43":0,"44":1,"45":0,"46":1,"47":0,"48":0,"49":0},"f":{"0":0,"1":0,"2":0,"3":0,"4":0,"5":0,"6":0,"7":0,"8":0,"9":0,"10":0,"11":0,"12":0,"13":0,"14":0,"15":0,"16":0,"17":0,"18":0,"19":0,"20":0,"21":0,"22":0},"b":{"0":[0,0]},"_coverageSchema":"43e27e138ebf9cfc5966b082cf9a028302ed4184","hash":"eb33f824c46c5dac9adc5e9c3c9430ae6656febb"}
,"C:\\Users\\standley.eugene\\Documents\\GitHub\\capstoneSweng894\\src\\page\\account\\SignUpEmail.js": {"path":"C:\\Users\\standley.eugene\\Documents\\GitHub\\capstoneSweng894\\src\\page\\account\\SignUpEmail.js","statementMap":{"0":{"start":{"line":14,"column":8},"end":{"line":14,"column":20}},"1":{"start":{"line":16,"column":8},"end":{"line":24,"column":9}},"2":{"start":{"line":26,"column":8},"end":{"line":26,"column":60}},"3":{"start":{"line":27,"column":8},"end":{"line":27,"column":66}},"4":{"start":{"line":28,"column":8},"end":{"line":28,"column":64}},"5":{"start":{"line":29,"column":8},"end":{"line":29,"column":62}},"6":{"start":{"line":30,"column":8},"end":{"line":30,"column":64}},"7":{"start":{"line":31,"column":8},"end":{"line":31,"column":58}},"8":{"start":{"line":32,"column":8},"end":{"line":32,"column":56}},"9":{"start":{"line":36,"column":8},"end":{"line":53,"column":9}},"10":{"start":{"line":42,"column":38},"end":{"line":42,"column":63}},"11":{"start":{"line":45,"column":44},"end":{"line":45,"column":75}},"12":{"start":{"line":48,"column":37},"end":{"line":48,"column":60}},"13":{"start":{"line":50,"column":49},"end":{"line":50,"column":73}},"14":{"start":{"line":58,"column":27},"end":{"line":62,"column":1}},"15":{"start":{"line":59,"column":4},"end":{"line":61,"column":5}},"16":{"start":{"line":60,"column":27},"end":{"line":60,"column":50}}},"fnMap":{"0":{"name":"(anonymous_0)","decl":{"start":{"line":13,"column":4},"end":{"line":13,"column":5}},"loc":{"start":{"line":13,"column":22},"end":{"line":33,"column":5}},"line":13},"1":{"name":"(anonymous_1)","decl":{"start":{"line":35,"column":4},"end":{"line":35,"column":5}},"loc":{"start":{"line":35,"column":12},"end":{"line":54,"column":5}},"line":35},"2":{"name":"(anonymous_2)","decl":{"start":{"line":42,"column":29},"end":{"line":42,"column":30}},"loc":{"start":{"line":42,"column":38},"end":{"line":42,"column":63}},"line":42},"3":{"name":"(anonymous_3)","decl":{"start":{"line":45,"column":32},"end":{"line":45,"column":33}},"loc":{"start":{"line":45,"column":44},"end":{"line":45,"column":75}},"line":45},"4":{"name":"(anonymous_4)","decl":{"start":{"line":48,"column":31},"end":{"line":48,"column":32}},"loc":{"start":{"line":48,"column":37},"end":{"line":48,"column":60}},"line":48},"5":{"name":"(anonymous_5)","decl":{"start":{"line":50,"column":43},"end":{"line":50,"column":44}},"loc":{"start":{"line":50,"column":49},"end":{"line":50,"column":73}},"line":50},"6":{"name":"(anonymous_6)","decl":{"start":{"line":58,"column":27},"end":{"line":58,"column":28}},"loc":{"start":{"line":58,"column":41},"end":{"line":62,"column":1}},"line":58},"7":{"name":"(anonymous_7)","decl":{"start":{"line":60,"column":17},"end":{"line":60,"column":18}},"loc":{"start":{"line":60,"column":27},"end":{"line":60,"column":50}},"line":60}},"branchMap":{},"s":{"0":0,"1":0,"2":0,"3":0,"4":0,"5":0,"6":0,"7":0,"8":0,"9":0,"10":0,"11":0,"12":0,"13":0,"14":1,"15":0,"16":0},"f":{"0":0,"1":0,"2":0,"3":0,"4":0,"5":0,"6":0,"7":0},"b":{},"_coverageSchema":"43e27e138ebf9cfc5966b082cf9a028302ed4184","hash":"12e85a582ddd739b53f01b3efff38d3a3c03d541"}
,"C:\\Users\\standley.eugene\\Documents\\GitHub\\capstoneSweng894\\src\\page\\account\\SignUpOptions.js": {"path":"C:\\Users\\standley.eugene\\Documents\\GitHub\\capstoneSweng894\\src\\page\\account\\SignUpOptions.js","statementMap":{"0":{"start":{"line":15,"column":8},"end":{"line":41,"column":9}},"1":{"start":{"line":25,"column":38},"end":{"line":25,"column":90}},"2":{"start":{"line":33,"column":39},"end":{"line":33,"column":78}}},"fnMap":{"0":{"name":"(anonymous_0)","decl":{"start":{"line":14,"column":4},"end":{"line":14,"column":5}},"loc":{"start":{"line":14,"column":12},"end":{"line":42,"column":5}},"line":14},"1":{"name":"(anonymous_1)","decl":{"start":{"line":25,"column":32},"end":{"line":25,"column":33}},"loc":{"start":{"line":25,"column":38},"end":{"line":25,"column":90}},"line":25},"2":{"name":"(anonymous_2)","decl":{"start":{"line":33,"column":33},"end":{"line":33,"column":34}},"loc":{"start":{"line":33,"column":39},"end":{"line":33,"column":78}},"line":33}},"branchMap":{},"s":{"0":0,"1":0,"2":0},"f":{"0":0,"1":0,"2":0},"b":{},"_coverageSchema":"43e27e138ebf9cfc5966b082cf9a028302ed4184","hash":"71240666552ec49463b6e2767939e8fd4cfcfa22"}
,"C:\\Users\\standley.eugene\\Documents\\GitHub\\capstoneSweng894\\src\\page\\account\\SignUpStuff.js": {"path":"C:\\Users\\standley.eugene\\Documents\\GitHub\\capstoneSweng894\\src\\page\\account\\SignUpStuff.js","statementMap":{"0":{"start":{"line":6,"column":8},"end":{"line":8,"column":9}}},"fnMap":{"0":{"name":"(anonymous_0)","decl":{"start":{"line":5,"column":4},"end":{"line":5,"column":5}},"loc":{"start":{"line":5,"column":12},"end":{"line":9,"column":5}},"line":5}},"branchMap":{},"s":{"0":0},"f":{"0":0},"b":{},"_coverageSchema":"43e27e138ebf9cfc5966b082cf9a028302ed4184","hash":"4e16db4148c8fb4d1335587428b0082be84ffc74"}
,"C:\\Users\\standley.eugene\\Documents\\GitHub\\capstoneSweng894\\src\\page\\appointment\\AppointmentDashboard.js": {"path":"C:\\Users\\standley.eugene\\Documents\\GitHub\\capstoneSweng894\\src\\page\\appointment\\AppointmentDashboard.js","statementMap":{"0":{"start":{"line":8,"column":8},"end":{"line":28,"column":9}},"1":{"start":{"line":14,"column":28},"end":{"line":14,"column":68}},"2":{"start":{"line":22,"column":28},"end":{"line":22,"column":68}}},"fnMap":{"0":{"name":"(anonymous_0)","decl":{"start":{"line":7,"column":4},"end":{"line":7,"column":5}},"loc":{"start":{"line":7,"column":12},"end":{"line":29,"column":5}},"line":7},"1":{"name":"(anonymous_1)","decl":{"start":{"line":13,"column":33},"end":{"line":13,"column":34}},"loc":{"start":{"line":14,"column":28},"end":{"line":14,"column":68}},"line":14},"2":{"name":"(anonymous_2)","decl":{"start":{"line":21,"column":33},"end":{"line":21,"column":34}},"loc":{"start":{"line":22,"column":28},"end":{"line":22,"column":68}},"line":22}},"branchMap":{},"s":{"0":0,"1":0,"2":0},"f":{"0":0,"1":0,"2":0},"b":{},"_coverageSchema":"43e27e138ebf9cfc5966b082cf9a028302ed4184","hash":"b5fa615b1b538d033fbd70ed8b80ae24fcd25298"}
[...]
start":{"line":360,"column":7},"end":{"line":361,"column":104}},"type":"binary-expr","locations":[{"start":{"line":360,"column":7},"end":{"line":360,"column":22}},{"start":{"line":360,"column":26},"end":{"line":360,"column":40}},{"start":{"line":360,"column":44},"end":{"line":360,"column":56}},{"start":{"line":360,"column":60},"end":{"line":360,"column":69}},{"start":{"line":360,"column":73},"end":{"line":360,"column":88}},{"start":{"line":360,"column":92},"end":{"line":360,"column":104}},{"start":{"line":360,"column":108},"end":{"line":360,"column":118}},{"start":{"line":360,"column":122},"end":{"line":360,"column":134}},{"start":{"line":360,"column":138},"end":{"line":360,"column":154}},{"start":{"line":361,"column":11},"end":{"line":361,"column":20}},{"start":{"line":361,"column":24},"end":{"line":361,"column":32}},{"start":{"line":361,"column":36},"end":{"line":361,"column":42}},{"start":{"line":361,"column":46},"end":{"line":361,"column":49}},{"start":{"line":361,"column":53},"end":{"line":361,"column":62}},{"start":{"line":361,"column":66},"end":{"line":361,"column":72}},{"start":{"line":361,"column":76},"end":{"line":361,"column":80}},{"start":{"line":361,"column":84},"end":{"line":361,"column":90}},{"start":{"line":361,"column":94},"end":{"line":361,"column":104}}],"line":360},"14":{"loc":{"start":{"line":363,"column":8},"end":{"line":425,"column":9}},"type":"if","locations":[{"start":{"line":363,"column":8},"end":{"line":425,"column":9}},{"start":{"line":363,"column":8},"end":{"line":425,"column":9}}],"line":363},"15":{"loc":{"start":{"line":433,"column":8},"end":{"line":437,"column":9}},"type":"if","locations":[{"start":{"line":433,"column":8},"end":{"line":437,"column":9}},{"start":{"line":433,"column":8},"end":{"line":437,"column":9}}],"line":433},"16":{"loc":{"start":{"line":439,"column":8},"end":{"line":443,"column":9}},"type":"if","locations":[{"start":{"line":439,"column":8},"end":{"line":443,"column":9}},{"start":{"line":439,"column":8},"end":{"line":443,"column":9}}],"line":439},"17":{"loc":{"start":{"line":445,"column":8},"end":{"line":449,"column":9}},"type":"if","locations":[{"start":{"line":445,"column":8},"end":{"line":449,"column":9}},{"start":{"line":445,"column":8},"end":{"line":449,"column":9}}],"line":445},"18":{"loc":{"start":{"line":451,"column":8},"end":{"line":455,"column":9}},"type":"if","locations":[{"start":{"line":451,"column":8},"end":{"line":455,"column":9}},{"start":{"line":451,"column":8},"end":{"line":455,"column":9}}],"line":451},"19":{"loc":{"start":{"line":457,"column":8},"end":{"line":461,"column":9}},"type":"if","locations":[{"start":{"line":457,"column":8},"end":{"line":461,"column":9}},{"start":{"line":457,"column":8},"end":{"line":461,"column":9}}],"line":457},"20":{"loc":{"start":{"line":463,"column":8},"end":{"line":467,"column":9}},"type":"if","locations":[{"start":{"line":463,"column":8},"end":{"line":467,"column":9}},{"start":{"line":463,"column":8},"end":{"line":467,"column":9}}],"line":463},"21":{"loc":{"start":{"line":469,"column":8},"end":{"line":473,"column":9}},"type":"if","locations":[{"start":{"line":469,"column":8},"end":{"line":473,"column":9}},{"start":{"line":469,"column":8},"end":{"line":473,"column":9}}],"line":469},"22":{"loc":{"start":{"line":475,"column":8},"end":{"line":479,"column":9}},"type":"if","locations":[{"start":{"line":475,"column":8},"end":{"line":479,"column":9}},{"start":{"line":475,"column":8},"end":{"line":479,"column":9}}],"line":475},"23":{"loc":{"start":{"line":481,"column":8},"end":{"line":485,"column":9}},"type":"if","locations":[{"start":{"line":481,"column":8},"end":{"line":485,"column":9}},{"start":{"line":481,"column":8},"end":{"line":485,"column":9}}],"line":481},"24":{"loc":{"start":{"line":540,"column":4},"end":{"line":567,"column":9}},"type":"if","locations":[{"start":{"line":540,"column":4},"end":{"line":567,"column":9}},{"start":{"line":540,"column":4},"end":{"line":567,"column":9}}],"line":540},"25":{"loc":{"start":{"line":540,"column":7},"end":{"line":541,"column":60}},"type":"binary-expr","locations":[{"start":{"line":540,"column":7},"end":{"line":540,"column":21}},{"start":{"line":540,"column":25},"end":{"line":540,"column":47}},{"start":{"line":540,"column":51},"end":{"line":540,"column":69}},{"start":{"line":541,"column":11},"end":{"line":541,"column":41}},{"start":{"line":541,"column":45},"end":{"line":541,"column":60}}],"line":540}},"s":{"0":0,"1":0,"2":0,"3":0,"4":0,"5":0,"6":0,"7":0,"8":0,"9":0,"10":0,"11":0,"12":0,"13":0,"14":0,"15":0,"16":0,"17":0,"18":0,"19":0,"20":0,"21":0,"22":0,"23":0,"24":0,"25":0,"26":0,"27":0,"28":0,"29":0,"30":0,"31":0,"32":0,"33":0,"34":0,"35":0,"36":0,"37":0,"38":0,"39":0,"40":0,"41":0,"42":0,"43":0,"44":0,"45":0,"46":0,"47":0,"48":0,"49":0,"50":0,"51":0,"52":0,"53":0,"54":0,"55":0,"56":0,"57":0,"58":0,"59":0,"60":0,"61":0,"62":0,"63":0,"64":0,"65":0,"66":0,"67":0,"68":0,"69":0,"70":0,"71":0,"72":0,"73":0,"74":0,"75":0,"76":0,"77":0,"78":0,"79":0,"80":0,"81":0,"82":0,"83":0,"84":0,"85":0,"86":0,"87":0,"88":0,"89":0,"90":0,"91":0,"92":0,"93":0,"94":0,"95":0,"96":0,"97":0,"98":0,"99":0,"100":0,"101":0,"102":0,"103":0,"104":0,"105":0,"106":0,"107":0,"108":0,"109":0,"110":0,"111":0,"112":0,"113":0,"114":0,"115":0,"116":0,"117":0,"118":0,"119":0,"120":0,"121":0,"122":0,"123":0,"124":0,"125":0,"126":0,"127":0,"128":0,"129":0},"f":{"0":0,"1":0,"2":0,"3":0,"4":0,"5":0,"6":0,"7":0,"8":0,"9":0,"10":0,"11":0,"12":0,"13":0,"14":0,"15":0,"16":0,"17":0,"18":0,"19":0,"20":0,"21":0,"22":0,"23":0,"24":0,"25":0,"26":0,"27":0,"28":0,"29":0,"30":0,"31":0,"32":0,"33":0,"34":0,"35":0,"36":0,"37":0,"38":0,"39":0,"40":0,"41":0,"42":0,"43":0,"44":0,"45":0},"b":{"0":[0,0],"1":[0,0],"2":[0,0],"3":[0,0],"4":[0,0,0,0],"5":[0,0],"6":[0,0],"7":[0,0],"8":[0,0],"9":[0,0],"10":[0,0],"11":[0,0],"12":[0,0],"13":[0,0,0,0,0,0,0,0,0,0,0,0,0,0,0,0,0,0],"14":[0,0],"15":[0,0],"16":[0,0],"17":[0,0],"18":[0,0],"19":[0,0],"20":[0,0],"21":[0,0],"22":[0,0],"23":[0,0],"24":[0,0],"25":[0,0,0,0,0]},"_coverageSchema":"43e27e138ebf9cfc5966b082cf9a028302ed4184","hash":"4b81f1d753b8736a1decdd645ca5d2590a78a9bd"}
,"C:\\Users\\standley.eugene\\Documents\\GitHub\\capstoneSweng894\\src\\validation\\index.js": {"path":"C:\\Users\\standley.eugene\\Documents\\GitHub\\capstoneSweng894\\src\\validation\\index.js","statementMap":{"0":{"start":{"line":10,"column":3},"end":{"line":10,"column":62}},"1":{"start":{"line":18,"column":14},"end":{"line":18,"column":38}},"2":{"start":{"line":20,"column":4},"end":{"line":20,"column":31}},"3":{"start":{"line":29,"column":14},"end":{"line":29,"column":37}},"4":{"start":{"line":31,"column":4},"end":{"line":31,"column":32}},"5":{"start":{"line":39,"column":14},"end":{"line":39,"column":44}},"6":{"start":{"line":41,"column":4},"end":{"line":41,"column":32}},"7":{"start":{"line":49,"column":14},"end":{"line":49,"column":67}},"8":{"start":{"line":51,"column":4},"end":{"line":51,"column":26}},"9":{"start":{"line":59,"column":4},"end":{"line":60,"column":73}},"10":{"start":{"line":60,"column":10},"end":{"line":60,"column":65}},"11":{"start":{"line":67,"column":4},"end":{"line":67,"column":103}},"12":{"start":{"line":75,"column":4},"end":{"line":75,"column":30}},"13":{"start":{"line":83,"column":4},"end":{"line":83,"column":29}},"14":{"start":{"line":91,"column":4},"end":{"line":92,"column":59}},"15":{"start":{"line":92,"column":8},"end":{"line":92,"column":53}},"16":{"start":{"line":99,"column":14},"end":{"line":99,"column":28}},"17":{"start":{"line":101,"column":4},"end":{"line":101,"column":26}},"18":{"start":{"line":109,"column":4},"end":{"line":111,"column":6}},"19":{"start":{"line":113,"column":4},"end":{"line":117,"column":5}},"20":{"start":{"line":114,"column":8},"end":{"line":114,"column":40}},"21":{"start":{"line":116,"column":8},"end":{"line":116,"column":87}},"22":{"start":{"line":125,"column":4},"end":{"line":127,"column":6}},"23":{"start":{"line":129,"column":4},"end":{"line":133,"column":5}},"24":{"start":{"line":130,"column":8},"end":{"line":130,"column":44}},"25":{"start":{"line":132,"column":8},"end":{"line":132,"column":97}},"26":{"start":{"line":141,"column":4},"end":{"line":143,"column":6}},"27":{"start":{"line":145,"column":4},"end":{"line":149,"column":5}},"28":{"start":{"line":146,"column":8},"end":{"line":146,"column":45}},"29":{"start":{"line":148,"column":8},"end":{"line":148,"column":105}},"30":{"start":{"line":157,"column":4},"end":{"line":159,"column":6}},"31":{"start":{"line":161,"column":4},"end":{"line":165,"column":5}},"32":{"start":{"line":162,"column":8},"end":{"line":162,"column":44}},"33":{"start":{"line":164,"column":8},"end":{"line":164,"column":102}},"34":{"start":{"line":173,"column":4},"end":{"line":175,"column":6}},"35":{"start":{"line":177,"column":4},"end":{"line":181,"column":5}},"36":{"start":{"line":178,"column":8},"end":{"line":178,"column":45}},"37":{"start":{"line":180,"column":8},"end":{"line":180,"column":110}},"38":{"start":{"line":189,"column":4},"end":{"line":191,"column":6}},"39":{"start":{"line":193,"column":4},"end":{"line":197,"column":5}},"40":{"start":{"line":194,"column":8},"end":{"line":194,"column":39}},"41":{"start":{"line":196,"column":8},"end":{"line":196,"column":105}},"42":{"start":{"line":205,"column":4},"end":{"line":207,"column":6}},"43":{"start":{"line":209,"column":4},"end":{"line":213,"column":5}},"44":{"start":{"line":210,"column":8},"end":{"line":210,"column":42}},"45":{"start":{"line":212,"column":8},"end":{"line":212,"column":94}},"46":{"start":{"line":217,"column":4},"end":{"line":220,"column":6}},"47":{"start":{"line":222,"column":4},"end":{"line":226,"column":5}},"48":{"start":{"line":223,"column":8},"end":{"line":223,"column":47}},"49":{"start":{"line":225,"column":8},"end":{"line":225,"column":104}},"50":{"start":{"line":234,"column":4},"end":{"line":236,"column":6}},"51":{"start":{"line":238,"column":4},"end":{"line":242,"column":5}},"52":{"start":{"line":239,"column":8},"end":{"line":239,"column":42}},"53":{"start":{"line":241,"column":8},"end":{"line":241,"column":94}},"54":{"start":{"line":250,"column":4},"end":{"line":252,"column":6}},"55":{"start":{"line":254,"column":4},"end":{"line":258,"column":5}},"56":{"start":{"line":255,"column":8},"end":{"line":255,"column":41}},"57":{"start":{"line":257,"column":8},"end":{"line":257,"column":103}},"58":{"start":{"line":266,"column":4},"end":{"line":268,"column":6}},"59":{"start":{"line":270,"column":4},"end":{"line":274,"column":5}},"60":{"start":{"line":271,"column":8},"end":{"line":271,"column":40}},"61":{"start":{"line":273,"column":8},"end":{"line":273,"column":88}},"62":{"start":{"line":282,"column":4},"end":{"line":284,"column":6}},"63":{"start":{"line":286,"column":4},"end":{"line":290,"column":5}},"64":{"start":{"line":287,"column":8},"end":{"line":287,"column":39}},"65":{"start":{"line":289,"column":8},"end":{"line":289,"column":94}}},"fnMap":{"0":{"name":"emailValidator","decl":{"start":{"line":9,"column":9},"end":{"line":9,"column":23}},"loc":{"start":{"line":9,"column":30},"end":{"line":11,"column":1}},"line":9},"1":{"name":"passwordValidator","decl":{"start":{"line":17,"column":9},"end":{"line":17,"column":26}},"loc":{"start":{"line":17,"column":36},"end":{"line":21,"column":1}},"line":17},"2":{"name":"nameValidator","decl":{"start":{"line":28,"column":9},"end":{"line":28,"column":22}},"loc":{"start":{"line":28,"column":33},"end":{"line":32,"column":1}},"line":28},"3":{"name":"telephoneValidator","decl":{"start":{"line":38,"column":9},"end":{"line":38,"column":27}},"loc":{"start":{"line":38,"column":38},"end":{"line":42,"column":1}},"line":38},"4":{"name":"dateValidator","decl":{"start":{"line":48,"column":9},"end":{"line":48,"column":22}},"loc":{"start":{"line":48,"column":27},"end":{"line":52,"column":1}},"line":48},"5":{"name":"genderValidator","decl":{"start":{"line":58,"column":9},"end":{"line":58,"column":24}},"loc":{"start":{"line":58,"column":32},"end":{"line":61,"column":1}},"line":58},"6":{"name":"(anonymous_6)","decl":{"start":{"line":59,"column":29},"end":{"line":59,"column":30}},"loc":{"start":{"line":60,"column":8},"end":{"line":60,"column":66}},"line":60},"7":{"name":"isProviderValidator","decl":{"start":{"line":66,"column":9},"end":{"line":66,"column":28}},"loc":{"start":{"line":66,"column":39},"end":{"line":68,"column":1}},"line":66},"8":{"name":"streetValidator","decl":{"start":{"line":74,"column":9},"end":{"line":74,"column":24}},"loc":{"start":{"line":74,"column":32},"end":{"line":76,"column":1}},"line":74},"9":{"name":"cityValidator","decl":{"start":{"line":82,"column":9},"end":{"line":82,"column":22}},"loc":{"start":{"line":82,"column":28},"end":{"line":84,"column":1}},"line":82},"10":{"name":"stateValidator","decl":{"start":{"line":90,"column":9},"end":{"line":90,"column":23}},"loc":{"start":{"line":90,"column":30},"end":{"line":93,"column":1}},"line":90},"11":{"name":"(anonymous_11)","decl":{"start":{"line":91,"column":32},"end":{"line":91,"column":33}},"loc":{"start":{"line":92,"column":8},"end":{"line":92,"column":53}},"line":92},"12":{"name":"zipValidator","decl":{"start":{"line":98,"column":9},"end":{"line":98,"column":21}},"loc":{"start":{"line":98,"column":26},"end":{"line":102,"column":1}},"line":98},"13":{"name":"verifyEmail","decl":{"start":{"line":108,"column":9},"end":{"line":108,"column":20}},"loc":{"start":{"line":108,"column":27},"end":{"line":118,"column":1}},"line":108},"14":{"name":"verifyPassword","decl":{"start":{"line":124,"column":9},"end":{"line":124,"column":23}},"loc":{"start":{"line":124,"column":33},"end":{"line":134,"column":1}},"line":124},"15":{"name":"verifyFirstName","decl":{"start":{"line":140,"column":9},"end":{"line":140,"column":24}},"loc":{"start":{"line":140,"column":35},"end":{"line":150,"column":1}},"line":140},"16":{"name":"verifyLastName","decl":{"start":{"line":156,"column":9},"end":{"line":156,"column":23}},"loc":{"start":{"line":156,"column":33},"end":{"line":166,"column":1}},"line":156},"17":{"name":"verifyTelephone","decl":{"start":{"line":172,"column":9},"end":{"line":172,"column":24}},"loc":{"start":{"line":172,"column":35},"end":{"line":182,"column":1}},"line":172},"18":{"name":"verifyDate","decl":{"start":{"line":188,"column":9},"end":{"line":188,"column":19}},"loc":{"start":{"line":188,"column":25},"end":{"line":198,"column":1}},"line":188},"19":{"name":"verifyGender","decl":{"start":{"line":204,"column":9},"end":{"line":204,"column":21}},"loc":{"start":{"line":204,"column":29},"end":{"line":214,"column":1}},"line":204},"20":{"name":"verifyIsProvider","decl":{"start":{"line":216,"column":9},"end":{"line":216,"column":25}},"loc":{"start":{"line":216,"column":36},"end":{"line":227,"column":1}},"line":216},"21":{"name":"verifyStreet","decl":{"start":{"line":233,"column":9},"end":{"line":233,"column":21}},"loc":{"start":{"line":233,"column":29},"end":{"line":243,"column":1}},"line":233},"22":{"name":"verifyState","decl":{"start":{"line":249,"column":9},"end":{"line":249,"column":20}},"loc":{"start":{"line":249,"column":28},"end":{"line":259,"column":1}},"line":249},"23":{"name":"verifyCity","decl":{"start":{"line":265,"column":9},"end":{"line":265,"column":19}},"loc":{"start":{"line":265,"column":25},"end":{"line":275,"column":1}},"line":265},"24":{"name":"verifyZip","decl":{"start":{"line":281,"column":9},"end":{"line":281,"column":18}},"loc":{"start":{"line":281,"column":23},"end":{"line":291,"column":1}},"line":281}},"branchMap":{"0":{"loc":{"start":{"line":10,"column":11},"end":{"line":10,"column":61}},"type":"binary-expr","locations":[{"start":{"line":10,"column":11},"end":{"line":10,"column":41}},{"start":{"line":10,"column":45},"end":{"line":10,"column":61}}],"line":10},"1":{"loc":{"start":{"line":67,"column":12},"end":{"line":67,"column":102}},"type":"cond-expr","locations":[{"start":{"line":67,"column":48},"end":{"line":67,"column":52}},{"start":{"line":67,"column":55},"end":{"line":67,"column":102}}],"line":67},"2":{"loc":{"start":{"line":67,"column":55},"end":{"line":67,"column":102}},"type":"cond-expr","locations":[{"start":{"line":67,"column":90},"end":{"line":67,"column":94}},{"start":{"line":67,"column":97},"end":{"line":67,"column":102}}],"line":67},"3":{"loc":{"start":{"line":113,"column":4},"end":{"line":117,"column":5}},"type":"if","locations":[{"start":{"line":113,"column":4},"end":{"line":117,"column":5}},{"start":{"line":113,"column":4},"end":{"line":117,"column":5}}],"line":113},"4":{"loc":{"start":{"line":129,"column":4},"end":{"line":133,"column":5}},"type":"if","locations":[{"start":{"line":129,"column":4},"end":{"line":133,"column":5}},{"start":{"line":129,"column":4},"end":{"line":133,"column":5}}],"line":129},"5":{"loc":{"start":{"line":145,"column":4},"end":{"line":149,"column":5}},"type":"if","locations":[{"start":{"line":145,"column":4},"end":{"line":149,"column":5}},{"start":{"line":145,"column":4},"end":{"line":149,"column":5}}],"line":145},"6":{"loc":{"start":{"line":161,"column":4},"end":{"line":165,"column":5}},"type":"if","locations":[{"start":{"line":161,"column":4},"end":{"line":165,"column":5}},{"start":{"line":161,"column":4},"end":{"line":165,"column":5}}],"line":161},"7":{"loc":{"start":{"line":177,"column":4},"end":{"line":181,"column":5}},"type":"if","locations":[{"start":{"line":177,"column":4},"end":{"line":181,"column":5}},{"start":{"line":177,"column":4},"end":{"line":181,"column":5}}],"line":177},"8":{"loc":{"start":{"line":193,"column":4},"end":{"line":197,"column":5}},"type":"if","locations":[{"start":{"line":193,"column":4},"end":{"line":197,"column":5}},{"start":{"line":193,"column":4},"end":{"line":197,"column":5}}],"line":193},"9":{"loc":{"start":{"line":209,"column":4},"end":{"line":213,"column":5}},"type":"if","locations":[{"start":{"line":209,"column":4},"end":{"line":213,"column":5}},{"start":{"line":209,"column":4},"end":{"line":213,"column":5}}],"line":209},"10":{"loc":{"start":{"line":222,"column":4},"end":{"line":226,"column":5}},"type":"if","locations":[{"start":{"line":222,"column":4},"end":{"line":226,"column":5}},{"start":{"line":222,"column":4},"end":{"line":226,"column":5}}],"line":222},"11":{"loc":{"start":{"line":238,"column":4},"end":{"line":242,"column":5}},"type":"if","locations":[{"start":{"line":238,"column":4},"end":{"line":242,"column":5}},{"start":{"line":238,"column":4},"end":{"line":242,"column":5}}],"line":238},"12":{"loc":{"start":{"line":254,"column":4},"end":{"line":258,"column":5}},"type":"if","locations":[{"start":{"line":254,"column":4},"end":{"line":258,"column":5}},{"start":{"line":254,"column":4},"end":{"line":258,"column":5}}],"line":254},"13":{"loc":{"start":{"line":270,"column":4},"end":{"line":274,"column":5}},"type":"if","locations":[{"start":{"line":270,"column":4},"end":{"line":274,"column":5}},{"start":{"line":270,"column":4},"end":{"line":274,"column":5}}],"line":270},"14":{"loc":{"start":{"line":286,"column":4},"end":{"line":290,"column":5}},"type":"if","locations":[{"start":{"line":286,"column":4},"end":{"line":290,"column":5}},{"start":{"line":286,"column":4},"end":{"line":290,"column":5}}],"line":286}},"s":{"0":0,"1":0,"2":0,"3":0,"4":0,"5":0,"6":0,"7":0,"8":0,"9":0,"10":0,"11":0,"12":0,"13":0,"14":0,"15":0,"16":0,"17":0,"18":0,"19":0,"20":0,"21":0,"22":0,"23":0,"24":0,"25":0,"26":0,"27":0,"28":0,"29":0,"30":0,"31":0,"32":0,"33":0,"34":0,"35":0,"36":0,"37":0,"38":0,"39":0,"40":0,"41":0,"42":0,"43":0,"44":0,"45":0,"46":0,"47":0,"48":0,"49":0,"50":0,"51":0,"52":0,"53":0,"54":0,"55":0,"56":0,"57":0,"58":0,"59":0,"60":0,"61":0,"62":0,"63":0,"64":0,"65":0},"f":{"0":0,"1":0,"2":0,"3":0,"4":0,"5":0,"6":0,"7":0,"8":0,"9":0,"10":0,"11":0,"12":0,"13":0,"14":0,"15":0,"16":0,"17":0,"18":0,"19":0,"20":0,"21":0,"22":0,"23":0,"24":0},"b":{"0":[0,0],"1":[0,0],"2":[0,0],"3":[0,0],"4":[0,0],"5":[0,0],"6":[0,0],"7":[0,0],"8":[0,0],"9":[0,0],"10":[0,0],"11":[0,0],"12":[0,0],"13":[0,0],"14":[0,0]},"_coverageSchema":"43e27e138ebf9cfc5966b082cf9a028302ed4184","hash":"c26231665337c9efe3c086bbee5c9367e2654195"}
}
